2025-05-19 21:38:29,406 [INFO] Activator:176 - 


2025-05-19 21:38:29,406 [INFO] Activator:177 - !SESSION log4j initialized
2025-05-19 21:38:31,600 [INFO] LogOutputStream:77 - [STDOUT_REDIRECT] 
2025-05-19 21:38:32,955 [INFO] ApplicationProperties:184 - Using Application install path: C:\ST\STM32CubeIDE_1.18.0\STM32CubeIDE\plugins\com.st.stm32cube.common.mx_6.14.0.202502271554
2025-05-19 21:38:32,974 [INFO] DbMcusXml:78 - Set database path to: C:\ST\STM32CubeIDE_1.18.0\STM32CubeIDE\plugins\com.st.stm32cube.common.mx_6.14.0.202502271554\\db\/mcu/
2025-05-19 21:38:32,975 [INFO] ApiDb:274 - Set plugin database path to: C:\ST\STM32CubeIDE_1.18.0\STM32CubeIDE\plugins\com.st.stm32cube.common.mx_6.14.0.202502271554\\db\/plugins/boardmanager/
2025-05-19 21:38:32,975 [WARN] ApiDb:259 - Overriding images path with different value:  => C:\ST\STM32CubeIDE_1.18.0\STM32CubeIDE\plugins\com.st.stm32cube.common.mx_6.14.0.202502271554\\db\/plugins/mcufinder/images/
2025-05-19 21:38:32,982 [INFO] ApiDb:250 - Set database path to: C:\Users\choua\.stmcufinder\plugins\mcufinder//mcu/
2025-05-19 21:38:32,984 [INFO] DbMcusAds:125 - Set database path to: C:\Users\choua\.stmcufinder\plugins\mcufinder//mcu/
2025-05-19 21:38:32,987 [INFO] CrossReferenceDbSqlite:203 - Set database path to: C:\Users\choua\.stmcufinder\plugins\mcufinder//mcu/cs/
2025-05-19 21:38:33,086 [INFO] RulesReader:64 - Compatibility file has been processed (301 Rules)
2025-05-19 21:38:33,166 [INFO] DbMcusXml:78 - Set database path to: C:\ST\STM32CubeIDE_1.18.0\STM32CubeIDE\plugins\com.st.stm32cube.common.mx_6.14.0.202502271554\\db\/mcu/
2025-05-19 21:38:33,166 [INFO] ApiDb:274 - Set plugin database path to: C:\ST\STM32CubeIDE_1.18.0\STM32CubeIDE\plugins\com.st.stm32cube.common.mx_6.14.0.202502271554\\db\/plugins/boardmanager/
2025-05-19 21:38:33,167 [INFO] ApiDb:261 - Set plugin images path to: C:\ST\STM32CubeIDE_1.18.0\STM32CubeIDE\plugins\com.st.stm32cube.common.mx_6.14.0.202502271554\\db\/plugins/mcufinder/images/
2025-05-19 21:38:33,167 [WARN] DbFile:41 - Overriding database path with different value: C:\Users\choua\.stmcufinder\plugins\mcufinder/ => C:\Users\choua\.stmcufinder\plugins\mcufinder
2025-05-19 21:38:33,167 [INFO] ApiDb:250 - Set database path to: C:\Users\choua\.stmcufinder\plugins\mcufinder//mcu/
2025-05-19 21:38:33,167 [WARN] DbFile:41 - Overriding database path with different value: C:\Users\choua\.stmcufinder\plugins\mcufinder/ => C:\Users\choua\.stmcufinder\plugins\mcufinder
2025-05-19 21:38:33,167 [INFO] DbMcusAds:125 - Set database path to: C:\Users\choua\.stmcufinder\plugins\mcufinder//mcu/
2025-05-19 21:38:33,168 [WARN] DbFile:41 - Overriding database path with different value: C:\Users\choua\.stmcufinder\plugins\mcufinder/ => C:\Users\choua\.stmcufinder\plugins\mcufinder
2025-05-19 21:38:33,168 [WARN] DbFile:41 - Overriding database path with different value: C:\Users\choua\.stmcufinder\plugins\mcufinder/ => C:\Users\choua\.stmcufinder\plugins\mcufinder
2025-05-19 21:38:33,168 [INFO] CrossReferenceDbSqlite:203 - Set database path to: C:\Users\choua\.stmcufinder\plugins\mcufinder//mcu/cs/
2025-05-19 21:38:33,224 [INFO] MainPanel:272 - HeapMemory: 268435456
2025-05-19 21:38:33,285 [INFO] DbMcusXml:78 - Set database path to: C:\ST\STM32CubeIDE_1.18.0\STM32CubeIDE\plugins\com.st.stm32cube.common.mx_6.14.0.202502271554\\db\/mcu/
2025-05-19 21:38:33,285 [INFO] ApiDb:274 - Set plugin database path to: C:\ST\STM32CubeIDE_1.18.0\STM32CubeIDE\plugins\com.st.stm32cube.common.mx_6.14.0.202502271554\\db\/plugins/boardmanager/
2025-05-19 21:38:33,285 [INFO] ApiDb:261 - Set plugin images path to: C:\ST\STM32CubeIDE_1.18.0\STM32CubeIDE\plugins\com.st.stm32cube.common.mx_6.14.0.202502271554\\db\/plugins/mcufinder/images/
2025-05-19 21:38:33,285 [WARN] DbFile:41 - Overriding database path with different value: C:\Users\choua\.stmcufinder\plugins\mcufinder/ => C:\Users\choua\.stmcufinder\plugins\mcufinder
2025-05-19 21:38:33,285 [INFO] ApiDb:250 - Set database path to: C:\Users\choua\.stmcufinder\plugins\mcufinder//mcu/
2025-05-19 21:38:33,286 [WARN] DbFile:41 - Overriding database path with different value: C:\Users\choua\.stmcufinder\plugins\mcufinder/ => C:\Users\choua\.stmcufinder\plugins\mcufinder
2025-05-19 21:38:33,286 [INFO] DbMcusAds:125 - Set database path to: C:\Users\choua\.stmcufinder\plugins\mcufinder//mcu/
2025-05-19 21:38:33,286 [WARN] DbFile:41 - Overriding database path with different value: C:\Users\choua\.stmcufinder\plugins\mcufinder/ => C:\Users\choua\.stmcufinder\plugins\mcufinder
2025-05-19 21:38:33,286 [WARN] DbFile:41 - Overriding database path with different value: C:\Users\choua\.stmcufinder\plugins\mcufinder/ => C:\Users\choua\.stmcufinder\plugins\mcufinder
2025-05-19 21:38:33,286 [INFO] CrossReferenceDbSqlite:203 - Set database path to: C:\Users\choua\.stmcufinder\plugins\mcufinder//mcu/cs/
2025-05-19 21:38:33,302 [INFO] ApplicationProperties:184 - Using Application install path: C:\ST\STM32CubeIDE_1.18.0\STM32CubeIDE\plugins\com.st.stm32cube.common.mx_6.14.0.202502271554
2025-05-19 21:38:33,303 [INFO] PluginManage:196 - Search for loadable plugins [exclusion list=, ]
2025-05-19 21:38:33,305 [INFO] PluginManage:310 - Check plugin analytics
2025-05-19 21:38:33,462 [INFO] AnalyticsPlugin:253 - Accepted Software Licenses: 
2025-05-19 21:38:33,462 [INFO] AnalyticsPlugin:255 - Accepted CMSIS Pack Licenses: Infineon.AIROC-Wi-Fi-Bluetooth-STM32.1.7.0,STMicroelectronics.X-CUBE-BLE1.7.1.0,STMicroelectronics.X-CUBE-MEMS1.11.2.0,STMicroelectronics.X-CUBE-TOUCHGFX.4.25.0
2025-05-19 21:38:33,462 [INFO] AnalyticsPlugin:257 - Accepted Firmware Licenses: FW.L4.1.18.0,FW.F7.1.17.0,FW.F4.1.28.0
2025-05-19 21:38:33,465 [INFO] PluginManage:359 - Loaded plugin analytics (category:tool,tabindex:-1)
2025-05-19 21:38:33,466 [INFO] PluginManage:310 - Check plugin cadmodel
2025-05-19 21:38:33,470 [INFO] CADModel:105 - Init CAD model plugin
2025-05-19 21:38:33,470 [INFO] PluginManage:359 - Loaded plugin cadmodel (category:power,tabindex:5)
2025-05-19 21:38:33,470 [INFO] PluginManage:310 - Check plugin clock
2025-05-19 21:38:33,478 [INFO] PluginManage:359 - Loaded plugin clock (category:base,tabindex:2)
2025-05-19 21:38:33,478 [INFO] PluginManage:310 - Check plugin ddr
2025-05-19 21:38:33,480 [INFO] PluginManage:359 - Loaded plugin ddr (category:tool,tabindex:6)
2025-05-19 21:38:33,480 [INFO] PluginManage:310 - Check plugin filemanager
2025-05-19 21:38:33,679 [INFO] PluginManage:359 - Loaded plugin filemanager (category:base,tabindex:10)
2025-05-19 21:38:33,680 [INFO] PluginManage:310 - Check plugin ipmanager
2025-05-19 21:38:33,691 [INFO] PluginManage:359 - Loaded plugin ipmanager (category:base,tabindex:5)
2025-05-19 21:38:33,692 [INFO] PluginManage:310 - Check plugin lpbam
2025-05-19 21:38:33,700 [INFO] PluginManage:359 - Loaded plugin lpbam (category:base,tabindex:0)
2025-05-19 21:38:33,700 [INFO] PluginManage:310 - Check plugin memorymap
2025-05-19 21:38:33,713 [INFO] PluginManage:359 - Loaded plugin memorymap (category:base,tabindex:4)
2025-05-19 21:38:33,713 [INFO] PluginManage:310 - Check plugin pinoutandconfiguration
2025-05-19 21:38:33,720 [INFO] PluginManage:359 - Loaded plugin pinoutandconfiguration (category:base,tabindex:1)
2025-05-19 21:38:33,720 [INFO] PluginManage:310 - Check plugin pinoutconfig
2025-05-19 21:38:33,834 [WARN] SupportedApi:132 - Cannot load RTOS API schema: s4s-elt-must-match.1: The content of 'definitions' must match (annotation?, (simpleType | complexType)?, (unique | key | keyref)*)). A problem was found starting at: attribute.
2025-05-19 21:38:33,988 [INFO] PluginManage:359 - Loaded plugin pinoutconfig (category:base,tabindex:0)
2025-05-19 21:38:33,989 [INFO] PluginManage:310 - Check plugin power
2025-05-19 21:38:33,995 [INFO] PluginManage:359 - Loaded plugin power (category:power,tabindex:4)
2025-05-19 21:38:33,996 [INFO] PluginManage:310 - Check plugin projectmanager
2025-05-19 21:38:34,015 [INFO] PluginManage:359 - Loaded plugin projectmanager (category:projectmanager,tabindex:4)
2025-05-19 21:38:34,015 [INFO] PluginManage:310 - Check plugin rif
2025-05-19 21:38:34,028 [INFO] PluginManage:359 - Loaded plugin rif (category:base,tabindex:3)
2025-05-19 21:38:34,028 [INFO] PluginManage:310 - Check plugin thirdparty
2025-05-19 21:38:34,191 [INFO] PluginManage:359 - Loaded plugin thirdparty (category:base,tabindex:-1)
2025-05-19 21:38:34,191 [INFO] PluginManage:310 - Check plugin tools
2025-05-19 21:38:34,191 [WARN] IntegrityCheckThread:84 - waiting for thirdparty lock release [integrity check]
2025-05-19 21:38:34,191 [INFO] IntegrityCheckThread:86 - entering critical section [integrity check]
2025-05-19 21:38:34,192 [INFO] ThirdPartyUpdaterWithRetryManager:70 - Updater plugin not ready yet. [1/15]
2025-05-19 21:38:34,198 [INFO] PluginManage:359 - Loaded plugin tools (category:base,tabindex:7)
2025-05-19 21:38:34,198 [INFO] PluginManage:310 - Check plugin tutovideos
2025-05-19 21:38:34,356 [INFO] PluginManage:359 - Loaded plugin tutovideos (category:base,tabindex:-1)
2025-05-19 21:38:34,356 [INFO] PluginManage:310 - Check plugin updater
2025-05-19 21:38:34,377 [INFO] PluginManage:359 - Loaded plugin updater (category:base,tabindex:12)
2025-05-19 21:38:34,377 [INFO] PluginManage:310 - Check plugin userauth
2025-05-19 21:38:34,380 [INFO] UserAuth:118 - Init User Auth plugin
2025-05-19 21:38:34,381 [INFO] PluginManage:359 - Loaded plugin userauth (category:base,tabindex:14)
2025-05-19 21:38:34,382 [INFO] PluginManage:283 - PluginManage : Loaded plugins [18]
2025-05-19 21:38:34,584 [INFO] PinOutPanel:1589 - setPackage(No Configuration,No Configuration)
2025-05-19 21:38:34,660 [INFO] CADModel:165 - CPN selected for project level
2025-05-19 21:38:34,660 [INFO] CADModel:114 - Register for checkConnection events
2025-05-19 21:38:34,671 [INFO] IPUIPlugin:80 - create IPUIPlugin
2025-05-19 21:38:34,671 [INFO] PluginManager:220 - loadIPPluginJar : add adc
2025-05-19 21:38:34,673 [INFO] IPUIPlugin:80 - create IPUIPlugin
2025-05-19 21:38:34,674 [INFO] PluginManager:220 - loadIPPluginJar : add aes
2025-05-19 21:38:34,676 [INFO] IPUIPlugin:80 - create IPUIPlugin
2025-05-19 21:38:34,677 [INFO] PluginManager:220 - loadIPPluginJar : add can
2025-05-19 21:38:34,679 [INFO] IPUIPlugin:80 - create IPUIPlugin
2025-05-19 21:38:34,679 [INFO] PluginManager:220 - loadIPPluginJar : add comp
2025-05-19 21:38:34,681 [INFO] IPUIPlugin:80 - create IPUIPlugin
2025-05-19 21:38:34,682 [INFO] PluginManager:220 - loadIPPluginJar : add cryp
2025-05-19 21:38:34,684 [INFO] IPUIPlugin:80 - create IPUIPlugin
2025-05-19 21:38:34,685 [INFO] PluginManager:220 - loadIPPluginJar : add ddr_ctrl_phy
2025-05-19 21:38:34,687 [INFO] IPUIPlugin:80 - create IPUIPlugin
2025-05-19 21:38:34,688 [INFO] PluginManager:220 - loadIPPluginJar : add dfsdm
2025-05-19 21:38:34,693 [INFO] IPUIPlugin:80 - create IPUIPlugin
2025-05-19 21:38:34,693 [INFO] PluginManager:220 - loadIPPluginJar : add dma
2025-05-19 21:38:34,696 [INFO] IPUIPlugin:80 - create IPUIPlugin
2025-05-19 21:38:34,696 [INFO] PluginManager:220 - loadIPPluginJar : add dma3
2025-05-19 21:38:34,698 [INFO] IPUIPlugin:80 - create IPUIPlugin
2025-05-19 21:38:34,699 [INFO] PluginManager:220 - loadIPPluginJar : add extmemmanager
2025-05-19 21:38:34,700 [INFO] IPUIPlugin:80 - create IPUIPlugin
2025-05-19 21:38:34,700 [INFO] PluginManager:220 - loadIPPluginJar : add fatfs
2025-05-19 21:38:34,704 [INFO] IPUIPlugin:80 - create IPUIPlugin
2025-05-19 21:38:34,704 [INFO] PluginManager:220 - loadIPPluginJar : add fmc
2025-05-19 21:38:34,709 [INFO] IPUIPlugin:80 - create IPUIPlugin
2025-05-19 21:38:34,710 [INFO] PluginManager:220 - loadIPPluginJar : add freertos
2025-05-19 21:38:34,711 [INFO] IPUIPlugin:80 - create IPUIPlugin
2025-05-19 21:38:34,711 [INFO] PluginManager:220 - loadIPPluginJar : add genericplugin
2025-05-19 21:38:34,713 [INFO] IPUIPlugin:80 - create IPUIPlugin
2025-05-19 21:38:34,713 [INFO] PluginManager:220 - loadIPPluginJar : add gfxmmu
2025-05-19 21:38:34,717 [INFO] IPUIPlugin:80 - create IPUIPlugin
2025-05-19 21:38:34,717 [INFO] PluginManager:220 - loadIPPluginJar : add gic
2025-05-19 21:38:34,720 [INFO] IPUIPlugin:80 - create IPUIPlugin
2025-05-19 21:38:34,720 [INFO] PluginManager:220 - loadIPPluginJar : add gpio
2025-05-19 21:38:34,722 [INFO] IPUIPlugin:80 - create IPUIPlugin
2025-05-19 21:38:34,722 [INFO] PluginManager:220 - loadIPPluginJar : add gtzc
2025-05-19 21:38:34,724 [INFO] IPUIPlugin:80 - create IPUIPlugin
2025-05-19 21:38:34,724 [INFO] PluginManager:220 - loadIPPluginJar : add hash
2025-05-19 21:38:34,726 [INFO] IPUIPlugin:80 - create IPUIPlugin
2025-05-19 21:38:34,726 [INFO] PluginManager:220 - loadIPPluginJar : add i2c
2025-05-19 21:38:34,728 [INFO] IPUIPlugin:80 - create IPUIPlugin
2025-05-19 21:38:34,728 [INFO] PluginManager:220 - loadIPPluginJar : add i2s
2025-05-19 21:38:34,730 [INFO] IPUIPlugin:80 - create IPUIPlugin
2025-05-19 21:38:34,731 [INFO] PluginManager:220 - loadIPPluginJar : add i3c
2025-05-19 21:38:34,734 [INFO] IPUIPlugin:80 - create IPUIPlugin
2025-05-19 21:38:34,734 [INFO] PluginManager:220 - loadIPPluginJar : add ipddr
2025-05-19 21:38:34,741 [INFO] IPUIPlugin:80 - create IPUIPlugin
2025-05-19 21:38:34,741 [INFO] PluginManager:220 - loadIPPluginJar : add linkedlist
2025-05-19 21:38:34,745 [INFO] IPUIPlugin:80 - create IPUIPlugin
2025-05-19 21:38:34,746 [INFO] PluginManager:220 - loadIPPluginJar : add lorawan
2025-05-19 21:38:34,747 [INFO] IPUIPlugin:80 - create IPUIPlugin
2025-05-19 21:38:34,747 [INFO] PluginManager:220 - loadIPPluginJar : add ltdc
2025-05-19 21:38:34,751 [INFO] IPUIPlugin:80 - create IPUIPlugin
2025-05-19 21:38:34,751 [INFO] PluginManager:220 - loadIPPluginJar : add mdma
2025-05-19 21:38:34,753 [INFO] IPUIPlugin:80 - create IPUIPlugin
2025-05-19 21:38:34,753 [INFO] PluginManager:220 - loadIPPluginJar : add nvic
2025-05-19 21:38:34,755 [INFO] IPUIPlugin:80 - create IPUIPlugin
2025-05-19 21:38:34,755 [INFO] PluginManager:220 - loadIPPluginJar : add opamp
2025-05-19 21:38:34,758 [INFO] IPUIPlugin:80 - create IPUIPlugin
2025-05-19 21:38:34,758 [INFO] PluginManager:220 - loadIPPluginJar : add openamp
2025-05-19 21:38:34,761 [INFO] IPUIPlugin:80 - create IPUIPlugin
2025-05-19 21:38:34,761 [INFO] PluginManager:220 - loadIPPluginJar : add pdm2pcm
2025-05-19 21:38:34,766 [INFO] IPUIPlugin:80 - create IPUIPlugin
2025-05-19 21:38:34,769 [INFO] PluginManager:220 - loadIPPluginJar : add plateformsettings
2025-05-19 21:38:34,771 [INFO] IPUIPlugin:80 - create IPUIPlugin
2025-05-19 21:38:34,771 [INFO] PluginManager:220 - loadIPPluginJar : add quadspi
2025-05-19 21:38:34,774 [INFO] IPUIPlugin:80 - create IPUIPlugin
2025-05-19 21:38:34,774 [INFO] PluginManager:220 - loadIPPluginJar : add radio
2025-05-19 21:38:34,777 [INFO] IPUIPlugin:80 - create IPUIPlugin
2025-05-19 21:38:34,778 [INFO] PluginManager:220 - loadIPPluginJar : add resmgrutility
2025-05-19 21:38:34,781 [INFO] IPUIPlugin:80 - create IPUIPlugin
2025-05-19 21:38:34,781 [INFO] PluginManager:220 - loadIPPluginJar : add sai
2025-05-19 21:38:34,783 [INFO] IPUIPlugin:80 - create IPUIPlugin
2025-05-19 21:38:34,783 [INFO] PluginManager:220 - loadIPPluginJar : add spi
2025-05-19 21:38:34,789 [INFO] IPUIPlugin:80 - create IPUIPlugin
2025-05-19 21:38:34,790 [INFO] PluginManager:220 - loadIPPluginJar : add stm32_wpan
2025-05-19 21:38:34,792 [INFO] IPUIPlugin:80 - create IPUIPlugin
2025-05-19 21:38:34,792 [INFO] PluginManager:220 - loadIPPluginJar : add tim
2025-05-19 21:38:34,795 [INFO] IPUIPlugin:80 - create IPUIPlugin
2025-05-19 21:38:34,795 [INFO] PluginManager:220 - loadIPPluginJar : add touchsensing
2025-05-19 21:38:34,798 [INFO] IPUIPlugin:80 - create IPUIPlugin
2025-05-19 21:38:34,798 [INFO] PluginManager:220 - loadIPPluginJar : add tracer_emb
2025-05-19 21:38:34,800 [INFO] IPUIPlugin:80 - create IPUIPlugin
2025-05-19 21:38:34,800 [INFO] PluginManager:220 - loadIPPluginJar : add ts
2025-05-19 21:38:34,802 [INFO] IPUIPlugin:80 - create IPUIPlugin
2025-05-19 21:38:34,802 [INFO] PluginManager:220 - loadIPPluginJar : add tsc
2025-05-19 21:38:34,804 [INFO] IPUIPlugin:80 - create IPUIPlugin
2025-05-19 21:38:34,804 [INFO] PluginManager:220 - loadIPPluginJar : add ucpd
2025-05-19 21:38:34,806 [INFO] IPUIPlugin:80 - create IPUIPlugin
2025-05-19 21:38:34,806 [INFO] PluginManager:220 - loadIPPluginJar : add usart
2025-05-19 21:38:34,809 [INFO] IPUIPlugin:80 - create IPUIPlugin
2025-05-19 21:38:34,809 [INFO] PluginManager:220 - loadIPPluginJar : add usbx
2025-05-19 21:38:34,961 [FATAL] Updater:351 - Updater called before beeing initialized
2025-05-19 21:38:34,987 [INFO] RulesReader:64 - Compatibility file has been processed (301 Rules)
2025-05-19 21:38:35,005 [INFO] RulesReader:64 - Compatibility file has been processed (301 Rules)
2025-05-19 21:38:35,020 [INFO] CADModel:165 - CPN selected for project level
2025-05-19 21:38:35,020 [INFO] CADModel:114 - Register for checkConnection events
2025-05-19 21:38:35,020 [FATAL] Updater:351 - Updater called before beeing initialized
2025-05-19 21:38:35,021 [ERROR] CADModel:125 - Updater not yet initialized, retry later 
2025-05-19 21:38:35,210 [FATAL] Updater:351 - Updater called before beeing initialized
2025-05-19 21:38:35,212 [INFO] CADModel:165 - CPN selected for project level
2025-05-19 21:38:35,212 [INFO] CADModel:114 - Register for checkConnection events
2025-05-19 21:38:35,212 [FATAL] Updater:351 - Updater called before beeing initialized
2025-05-19 21:38:35,212 [ERROR] CADModel:125 - Updater not yet initialized, retry later 
2025-05-19 21:38:35,216 [FATAL] Updater:351 - Updater called before beeing initialized
2025-05-19 21:38:35,381 [FATAL] Updater:351 - Updater called before beeing initialized
2025-05-19 21:38:35,386 [INFO] DbMcusAds:53 - JSON generation date=Wed May 07 17:07:55 CST 2025 (1746608875679)
2025-05-19 21:38:35,386 [FATAL] Updater:351 - Updater called before beeing initialized
2025-05-19 21:38:35,434 [WARN] DetailPanel:346 - Failed to get advertising image, set to default
2025-05-19 21:38:35,725 [FATAL] Updater:351 - Updater called before beeing initialized
2025-05-19 21:38:35,726 [FATAL] Updater:351 - Updater called before beeing initialized
2025-05-19 21:38:35,726 [FATAL] Updater:351 - Updater called before beeing initialized
2025-05-19 21:38:35,727 [WARN] DetailPanel:346 - Failed to get advertising image, set to default
2025-05-19 21:38:35,727 [FATAL] Updater:351 - Updater called before beeing initialized
2025-05-19 21:38:35,766 [ERROR] Updater:1198 - MainUpdater not yet initialized. External WinMGr cannot be set.
2025-05-19 21:38:35,767 [INFO] Updater:1134 - Updater Version found : 6.14.0
2025-05-19 21:38:35,780 [INFO] ApplicationProperties:184 - Using Application install path: C:\ST\STM32CubeIDE_1.18.0\STM32CubeIDE\plugins\com.st.stm32cube.common.mx_6.14.0.202502271554
2025-05-19 21:38:37,196 [INFO] ThirdPartyUpdaterWithRetryManager:70 - Updater plugin not ready yet. [2/15]
2025-05-19 21:38:37,388 [ERROR] LogOutputStream:75 - [STDERR_REDIRECT] May 19, 2025 9:38:37 PM java.util.prefs.WindowsPreferences <init>
2025-05-19 21:38:37,390 [ERROR] LogOutputStream:75 - [STDERR_REDIRECT] WARNING: Could not open/create prefs root node Software\JavaSoft\Prefs at root 0xffffffff80000002. Windows RegCreateKeyEx(...) returned error code 5.
2025-05-19 21:38:37,390 [ERROR] LogOutputStream:75 - [STDERR_REDIRECT] 
2025-05-19 21:38:37,817 [INFO] MainUpdater:2872 - connection check result : 10
2025-05-19 21:38:37,817 [INFO] MainUpdater:289 - Updater Check For Update Now.
2025-05-19 21:38:37,818 [INFO] MicroXplorer:498 - Change Database Version : DB.6.0.140
2025-05-19 21:38:37,823 [INFO] McuFinderGlobals:63 - Set McuFinder mode to 2 (CubeIDE integrated)
2025-05-19 21:38:37,824 [INFO] UserAuth:486 - Internet connection configuration mode: 1
2025-05-19 21:38:37,861 [INFO] JxBrowserEngine:152 - Initiate JxBrowser Engine with user profile folder
2025-05-19 21:38:38,009 [INFO] CheckServerUpdateThread:120 - End of CheckServer Thread
2025-05-19 21:38:38,901 [INFO] WebApp:169 - Instantiating new browser for Auth
2025-05-19 21:38:39,455 [INFO] WebApp:463 - Apply proxy settings
2025-05-19 21:38:39,456 [INFO] WebApp:548 - Chromium requires no authentication
2025-05-19 21:38:39,462 [INFO] WebApp:491 - Direct internet connection detected
2025-05-19 21:38:39,479 [INFO] WebApp:894 - Register for checkConnection events
2025-05-19 21:38:39,479 [INFO] WebApp:463 - Apply proxy settings
2025-05-19 21:38:39,479 [INFO] WebApp:548 - Chromium requires no authentication
2025-05-19 21:38:39,481 [INFO] WebApp:491 - Direct internet connection detected
2025-05-19 21:38:39,605 [INFO] WebApp:225 - Starting web application
2025-05-19 21:38:39,605 [INFO] WebApp:593 - Web application path used C:\ST\STM32CubeIDE_1.18.0\STM32CubeIDE\plugins\com.st.stm32cube.common.mx_6.14.0.202502271554\db\plugins\mcufinder\reactClient1\index.html
2025-05-19 21:38:39,717 [INFO] UserAuth:486 - Internet connection configuration mode: 1
2025-05-19 21:38:39,731 [INFO] WebApp:191 - Connection restablished
2025-05-19 21:38:40,386 [WARN] PackLoader:240 - Cannot read IP mode file for STMicroelectronics.FP-SNS-MOTENVWB1.1.4.0
2025-05-19 21:38:40,393 [WARN] PackLoader:240 - Cannot read IP mode file for STMicroelectronics.FP-ATR-ASTRA1.2.0.2
2025-05-19 21:38:40,403 [WARN] PackLoader:240 - Cannot read IP mode file for STMicroelectronics.X-CUBE-SMBUS.2.1.0
2025-05-19 21:38:40,411 [WARN] PackLoader:240 - Cannot read IP mode file for STMicroelectronics.X-CUBE-WB05N.1.1.0
2025-05-19 21:38:40,441 [WARN] PackLoader:240 - Cannot read IP mode file for STMicroelectronics.X-CUBE-AZRTOS-F7.1.1.0
2025-05-19 21:38:40,447 [WARN] PackLoader:240 - Cannot read IP mode file for STMicroelectronics.FP-SNS-FLIGHT1.5.0.2
2025-05-19 21:38:40,476 [WARN] PackLoader:240 - Cannot read IP mode file for Infineon.AIROC-Wi-Fi-Bluetooth-STM32.1.7.0
2025-05-19 21:38:40,652 [WARN] PackLoader:240 - Cannot read IP mode file for STMicroelectronics.X-CUBE-DISPLAY.3.0.0
2025-05-19 21:38:40,663 [WARN] PackLoader:240 - Cannot read IP mode file for STMicroelectronics.X-CUBE-NFC10.1.0.0
2025-05-19 21:38:40,673 [WARN] PackLoader:240 - Cannot read IP mode file for STMicroelectronics.X-CUBE-BLEMGR.4.0.0
2025-05-19 21:38:40,682 [WARN] PackLoader:240 - Cannot read IP mode file for emotas.I-CUBE-CANOPEN.1.3.0
2025-05-19 21:38:40,688 [WARN] ConditionMgr:438 - getConditionDescription Invalid condition id : Cortex-A Device cause : null
2025-05-19 21:38:40,706 [WARN] ConditionMgr:1044 - genDependencies : Invalid condition id : Cortex-A Device cause : null
2025-05-19 21:38:40,707 [WARN] ConditionMgr:1044 - genDependencies : Invalid condition id : Cortex-A Device cause : null
2025-05-19 21:38:40,707 [WARN] ConditionMgr:1044 - genDependencies : Invalid condition id : Cortex-A Device cause : null
2025-05-19 21:38:40,711 [WARN] PackLoader:240 - Cannot read IP mode file for STMicroelectronics.X-CUBE-AI.10.0.0
2025-05-19 21:38:40,718 [WARN] PackLoader:240 - Cannot read IP mode file for STMicroelectronics.FP-SNS-SMARTAG2.1.2.0
2025-05-19 21:38:40,722 [WARN] PackLoader:240 - Cannot read IP mode file for STMicroelectronics.FP-SNS-FLIGHT1.5.1.0
2025-05-19 21:38:40,771 [WARN] PackLoader:240 - Cannot read IP mode file for STMicroelectronics.X-CUBE-MEMS1.11.1.0
2025-05-19 21:38:41,018 [INFO] LogOutputStream:77 - [STDOUT_REDIRECT] 1 : Invalid condition id : UX_CORESTACK_Condition cause : null
2025-05-19 21:38:41,020 [INFO] LogOutputStream:77 - [STDOUT_REDIRECT] 1 : Invalid condition id : UX_CORESTACK_Condition cause : null
2025-05-19 21:38:41,021 [INFO] LogOutputStream:77 - [STDOUT_REDIRECT] 1 : Invalid condition id : UX_CORESTACK_Condition cause : null
2025-05-19 21:38:41,022 [INFO] LogOutputStream:77 - [STDOUT_REDIRECT] 1 : Invalid condition id : UX_CORESTACK_Condition cause : null
2025-05-19 21:38:41,024 [INFO] LogOutputStream:77 - [STDOUT_REDIRECT] 1 : Invalid condition id : UX_CORESTACK_Condition cause : null
2025-05-19 21:38:41,026 [WARN] PackLoader:240 - Cannot read IP mode file for STMicroelectronics.X-CUBE-AZRTOS-WL.2.0.0
2025-05-19 21:38:41,031 [WARN] PackLoader:240 - Cannot read IP mode file for STMicroelectronics.FP-SNS-MOTENV1.5.0.0
2025-05-19 21:38:41,052 [WARN] PackLoader:240 - Cannot read IP mode file for WES.I-CUBE-Cesium.1.3.0
2025-05-19 21:38:41,058 [WARN] PackLoader:240 - Cannot read IP mode file for STMicroelectronics.X-CUBE-BLE2.3.3.0
2025-05-19 21:38:41,067 [WARN] PackLoader:240 - Cannot read IP mode file for STMicroelectronics.X-CUBE-NFC9.1.0.0
2025-05-19 21:38:41,106 [WARN] PackLoader:240 - Cannot read IP mode file for STMicroelectronics.X-CUBE-BLE1.7.1.0
2025-05-19 21:38:41,142 [WARN] PackLoader:240 - Cannot read IP mode file for wolfSSL.I-CUBE-wolfMQTT.1.19.2
2025-05-19 21:38:41,173 [WARN] PackLoader:240 - Cannot read IP mode file for STMicroelectronics.X-CUBE-MEMS1.11.2.0
2025-05-19 21:38:41,360 [WARN] PackLoader:240 - Cannot read IP mode file for STMicroelectronics.X-CUBE-AZRTOS-G0.1.1.0
2025-05-19 21:38:41,369 [WARN] PackLoader:240 - Cannot read IP mode file for STMicroelectronics.X-CUBE-SAFEA1.1.2.2
2025-05-19 21:38:41,377 [WARN] PackLoader:240 - Cannot read IP mode file for STMicroelectronics.X-CUBE-NFC4.3.0.0
2025-05-19 21:38:41,387 [WARN] PackLoader:240 - Cannot read IP mode file for EmbeddedOffice.I-CUBE-FS-RTOS.1.0.1
2025-05-19 21:38:41,393 [WARN] PackLoader:240 - Cannot read IP mode file for STMicroelectronics.X-CUBE-WB05N.2.0.0
2025-05-19 21:38:41,400 [WARN] PackLoader:240 - Cannot read IP mode file for wolfSSL.I-CUBE-wolfTPM.3.8.0
2025-05-19 21:38:41,408 [WARN] PackLoader:240 - Cannot read IP mode file for STMicroelectronics.X-CUBE-TCPP.4.2.0
2025-05-19 21:38:41,416 [WARN] PackLoader:240 - Cannot read IP mode file for RealThread.X-CUBE-RT-Thread_Nano.4.1.1
2025-05-19 21:38:41,422 [WARN] PackLoader:240 - Cannot read IP mode file for STMicroelectronics.FP-ATR-SIGFOX1.3.2.0
2025-05-19 21:38:41,430 [WARN] PackLoader:240 - Cannot read IP mode file for STMicroelectronics.X-CUBE-EEPRMA1.5.1.0
2025-05-19 21:38:41,437 [WARN] PackLoader:240 - Cannot read IP mode file for wolfSSL.I-CUBE-wolfSSL.5.7.6
2025-05-19 21:38:41,444 [WARN] PackLoader:240 - Cannot read IP mode file for ITTIA_DB.I-CUBE-ITTIADB.8.9.0
2025-05-19 21:38:41,470 [WARN] PackLoader:240 - Cannot read IP mode file for SEGGER.I-CUBE-embOS.1.3.1
2025-05-19 21:38:41,516 [WARN] PackLoader:240 - Cannot read IP mode file for STMicroelectronics.X-CUBE-ALGOBUILD.1.4.0
2025-05-19 21:38:41,527 [WARN] PackLoader:240 - Cannot read IP mode file for STMicroelectronics.X-CUBE-AZRTOS-F4.1.1.0
2025-05-19 21:38:41,534 [WARN] PackLoader:240 - Cannot read IP mode file for Avnet-IotConnect.X-CUBE-IoTC-DA16k-PMOD.1.0.0
2025-05-19 21:38:41,539 [WARN] PackLoader:240 - Cannot read IP mode file for STMicroelectronics.X-CUBE-ISPU.2.1.0
2025-05-19 21:38:41,552 [WARN] PackLoader:240 - Cannot read IP mode file for STMicroelectronics.X-CUBE-AZRTOS-L5.2.0.0
2025-05-19 21:38:41,559 [WARN] PackLoader:240 - Cannot read IP mode file for STMicroelectronics.X-CUBE-NFC6.3.1.0
2025-05-19 21:38:41,566 [WARN] PackLoader:240 - Cannot read IP mode file for STMicroelectronics.X-CUBE-DPower.1.2.0
2025-05-19 21:38:41,572 [WARN] PackLoader:240 - Cannot read IP mode file for STMicroelectronics.X-CUBE-FREERTOS.1.3.1
2025-05-19 21:38:41,575 [WARN] PackLoader:240 - Cannot read IP mode file for STMicroelectronics.X-CUBE-FREERTOS.1.3.0
2025-05-19 21:38:41,580 [WARN] PackLoader:240 - Cannot read IP mode file for STMicroelectronics.X-CUBE-NFC7.1.0.1
2025-05-19 21:38:41,586 [WARN] PackLoader:240 - Cannot read IP mode file for STMicroelectronics.X-CUBE-DPower.1.3.0
2025-05-19 21:38:41,603 [WARN] ConditionMgr:438 - getConditionDescription Invalid condition id : LAN8742 Phy interface Condition cause : null
2025-05-19 21:38:41,604 [WARN] PackLoader:240 - Cannot read IP mode file for STMicroelectronics.X-CUBE-AZRTOS-L4.2.0.0
2025-05-19 21:38:41,605 [WARN] ConditionMgr:1044 - genDependencies : Invalid condition id : LAN8742 Phy interface Condition cause : null
2025-05-19 21:38:41,605 [WARN] ConditionMgr:1044 - genDependencies : Invalid condition id : LAN8742 Phy interface Condition cause : null
2025-05-19 21:38:41,606 [WARN] ConditionMgr:1044 - genDependencies : Invalid condition id : LAN8742 Phy interface Condition cause : null
2025-05-19 21:38:41,614 [WARN] PackLoader:240 - Cannot read IP mode file for STMicroelectronics.X-CUBE-SFXS2LP1.4.0.0
2025-05-19 21:38:41,638 [WARN] PackLoader:240 - Cannot read IP mode file for STMicroelectronics.X-CUBE-AZRTOS-H7.3.3.0
2025-05-19 21:38:41,652 [WARN] ConditionMgr:438 - getConditionDescription Invalid condition id : UX DEVICE CLASS RTOS Condition cause : null
2025-05-19 21:38:41,652 [WARN] ConditionMgr:438 - getConditionDescription Invalid condition id : UX DEVICE CLASS RTOS Condition cause : null
2025-05-19 21:38:41,654 [WARN] PackLoader:240 - Cannot read IP mode file for STMicroelectronics.X-CUBE-AZRTOS-WB.2.0.0
2025-05-19 21:38:41,654 [WARN] ConditionMgr:1044 - genDependencies : Invalid condition id : UX DEVICE CLASS RTOS Condition cause : null
2025-05-19 21:38:41,654 [WARN] ConditionMgr:1044 - genDependencies : Invalid condition id : UX DEVICE CLASS RTOS Condition cause : null
2025-05-19 21:38:41,655 [WARN] ConditionMgr:1044 - genDependencies : Invalid condition id : UX DEVICE CLASS RTOS Condition cause : null
2025-05-19 21:38:41,655 [WARN] ConditionMgr:1044 - genDependencies : Invalid condition id : UX DEVICE CLASS RTOS Condition cause : null
2025-05-19 21:38:41,655 [WARN] ConditionMgr:1044 - genDependencies : Invalid condition id : UX DEVICE CLASS RTOS Condition cause : null
2025-05-19 21:38:41,659 [WARN] PackLoader:240 - Cannot read IP mode file for STMicroelectronics.X-CUBE-GNSS1.7.0.1
2025-05-19 21:38:41,668 [WARN] PackLoader:240 - Cannot read IP mode file for STMicroelectronics.X-CUBE-TOUCHGFX.4.25.0
2025-05-19 21:38:41,707 [WARN] PackLoader:240 - Cannot read IP mode file for STMicroelectronics.FP-SNS-STBOX1.2.0.0
2025-05-19 21:38:41,715 [WARN] PackLoader:240 - Cannot read IP mode file for STMicroelectronics.X-CUBE-SUBG2.5.0.0
2025-05-19 21:38:41,733 [WARN] PackLoader:240 - Cannot read IP mode file for STMicroelectronics.X-CUBE-AZRTOS-H7RS.1.1.0
2025-05-19 21:38:41,738 [WARN] PackLoader:240 - Cannot read IP mode file for Cesanta.I-CUBE-Mongoose.7.13.0
2025-05-19 21:38:41,747 [WARN] PackLoader:240 - Cannot read IP mode file for STMicroelectronics.X-CUBE-AZRTOS-G4.2.0.0
2025-05-19 21:38:41,751 [WARN] PackLoader:240 - Cannot read IP mode file for wolfSSL.I-CUBE-wolfSSH.1.4.20
2025-05-19 21:38:41,755 [WARN] PackLoader:240 - Cannot read IP mode file for STMicroelectronics.X-CUBE-NFC7.2.0.0
2025-05-19 21:38:41,766 [WARN] PackLoader:240 - Cannot read IP mode file for STMicroelectronics.X-CUBE-IPS.3.1.0
2025-05-19 21:38:41,777 [WARN] PackLoader:240 - Cannot read IP mode file for STMicroelectronics.X-CUBE-ALS.1.0.2
2025-05-19 21:38:41,782 [WARN] PackLoader:240 - Cannot read IP mode file for STMicroelectronics.X-CUBE-TOUCHGFX.4.24.2
2025-05-19 21:38:41,789 [WARN] PackLoader:240 - Cannot read IP mode file for portGmbH.I-Cube-SoM-uGOAL.1.1.0
2025-05-19 21:38:41,804 [WARN] PackLoader:240 - Cannot read IP mode file for STMicroelectronics.X-CUBE-AZRTOS-H7RS.1.0.0
2025-05-19 21:38:41,815 [WARN] PackLoader:240 - Cannot read IP mode file for STMicroelectronics.X-CUBE-TOF1.3.4.2
2025-05-19 21:38:41,833 [WARN] PackLoader:240 - Cannot read IP mode file for STMicroelectronics.X-CUBE-TOF1.3.4.3
2025-05-19 21:38:41,843 [INFO] ThirdParty:978 - Integrity check success = true
2025-05-19 21:38:41,843 [INFO] IntegrityCheckThread:100 - exiting critical section [integrity check]
2025-05-19 21:38:41,843 [INFO] IntegrityCheckThread:103 - End integrity checks thread
2025-05-19 21:40:01,955 [INFO] McuFinderGlobals:63 - Set McuFinder mode to 2 (CubeIDE integrated)
2025-05-19 21:40:01,961 [INFO] MainUpdater:2872 - connection check result : 10
2025-05-19 21:40:01,965 [INFO] McuFinderGlobals:76 - Set McuFinderConnectedMode to true
2025-05-19 21:40:02,179 [INFO] ServerAccessManage:473 - Download File mcusAds.json._tmp_
2025-05-19 21:40:02,309 [INFO] LoadUrlFilesThread:156 - End of LoadUrlFiles Thread
2025-05-19 21:40:02,471 [INFO] ServerAccessManage:473 - Download File cube-finder-db.zip
2025-05-19 21:40:03,177 [INFO] FileExtend:242 - Unzip File : cube-finder-db.zip
2025-05-19 21:40:03,178 [INFO] FileExtend:257 - Standard Zip Deflate
2025-05-19 21:40:03,872 [INFO] LoadUrlFilesThread:156 - End of LoadUrlFiles Thread
2025-05-19 21:40:04,902 [INFO] ServerAccessManage:473 - Download File crdb.zip
2025-05-19 21:40:06,005 [INFO] FileExtend:242 - Unzip File : crdb.zip
2025-05-19 21:40:06,005 [INFO] FileExtend:257 - Standard Zip Deflate
2025-05-19 21:40:06,132 [INFO] LoadUrlFilesThread:156 - End of LoadUrlFiles Thread
2025-05-19 21:40:06,261 [INFO] ServerAccessManage:473 - Download File tutoVideoDB.zip
2025-05-19 21:40:06,265 [INFO] FileExtend:242 - Unzip File : tutoVideoDB.zip
2025-05-19 21:40:06,265 [INFO] FileExtend:257 - Standard Zip Deflate
2025-05-19 21:40:06,382 [INFO] LoadUrlFilesThread:156 - End of LoadUrlFiles Thread
2025-05-19 21:40:06,386 [WARN] DbFile:41 - Overriding database path with different value: C:\Users\choua\.stmcufinder\plugins\mcufinder/ => C:\Users\choua\.stmcufinder\plugins\mcufinder
2025-05-19 21:40:06,503 [INFO] ServerAccessManage:473 - Download File api_config.json
2025-05-19 21:40:06,624 [INFO] LoadUrlFilesThread:156 - End of LoadUrlFiles Thread
2025-05-19 21:40:06,625 [INFO] DbMcusAds:53 - JSON generation date=Wed May 07 17:07:55 CST 2025 (1746608875679)
2025-05-19 21:40:06,648 [INFO] LoadUrlFilesThread:185 - End of LoadServerUrlFiles without Thread
2025-05-19 21:40:06,649 [INFO] TargetSelectorAdapter:259 - Refresh data is successful
2025-05-19 21:40:06,738 [INFO] ApiDb:581 - Connected to CubeFinder SQLite database (C:\Users\choua\.stmcufinder\plugins\mcufinder\mcu\cube-finder-db.db)
2025-05-19 21:40:06,783 [INFO] ApiDb:668 - CubeFinder database Data Model version=2.1
2025-05-19 21:40:06,783 [INFO] ApiDb:669 - CubeFinder database Configuration version=3.0.39
2025-05-19 21:40:06,783 [INFO] ApiDb:670 - CubeFinder database generation date=2025-04-23 (1745419778)
2025-05-19 21:40:06,784 [INFO] ApiDb:671 - CubeFinder database FW Pack versions=[FP-ATR-ASTRA1_V2.0.0, FP-SNS-FLIGHT1_V5.1.0, FP-SNS-MOTENV1_V5.0.0, FP-SNS-MOTENVWB1_V1.4.0, FP-SNS-SMARTAG2_V1.2.0, FP-SNS-STBOX1_V2.0.0, STM32Cube_FW_C0_V1.4.0, STM32Cube_FW_F4_V1.28.1, STM32Cube_FW_F7_V1.17.2, STM32Cube_FW_G0_V1.6.2, STM32Cube_FW_G4_V1.6.1, STM32Cube_FW_H5_V1.5.0, STM32Cube_FW_H7RS_V1.2.0, STM32Cube_FW_H7_V1.12.1, STM32Cube_FW_L0_V1.12.2, STM32Cube_FW_L4_V1.18.1, STM32Cube_FW_L5_V1.5.1, STM32Cube_FW_N6_V1.1.1, STM32Cube_FW_U0_V1.2.0, STM32Cube_FW_U3_V1.1.0, STM32Cube_FW_U5_V1.7.0, STM32Cube_FW_WB0_V1.2.0, STM32Cube_FW_WBA_V1.6.0, STM32Cube_FW_WB_V1.22.0, STM32Cube_FW_WL3_V1.1.0, STM32Cube_FW_WL_V1.3.1, X-CUBE-ALGOBUILD_V1.4.0, X-CUBE-ALS_V1.0.2, X-CUBE-AZRTOS-F4_V1.1.0, X-CUBE-AZRTOS-F7_V1.1.0, X-CUBE-AZRTOS-G0_V1.1.0, X-CUBE-AZRTOS-G4_V2.0.0, X-CUBE-AZRTOS-H7RS_V1.1.0, X-CUBE-AZRTOS-H7_V3.3.0, X-CUBE-AZRTOS-L4_V2.0.0, X-CUBE-AZRTOS-L5_V2.0.0, X-CUBE-AZRTOS-WB_V2.0.0, X-CUBE-AZRTOS-WL_V2.0.0, X-CUBE-BLE1_V7.1.0, X-CUBE-BLE2_V3.3.0, X-CUBE-BLEMGR_V4.0.0, X-CUBE-EEPRMA1_V5.1.0, X-CUBE-FREERTOS_V1.3.0, X-CUBE-GNSS1_V6.0.0, X-CUBE-MEMS1_V11.2.0, X-CUBE-NFC4_V3.0.0, X-CUBE-NFC7_V1.0.1, X-CUBE-SFXS2LP1_V4.0.0, X-CUBE-SUBG2_V5.0.0, X-CUBE-TOF1_V3.4.3]
2025-05-19 21:40:08,102 [INFO] ApiDb:240 - Found 895 in-development CPN: [B-G473E-ZEST1S, B-WB1M-WPAN1, B-WBA5M-WPAN, B-WL5M-SUBG1, NUCLEO-C031C6, NUCLEO-C051C8, NUCLEO-C071RB, NUCLEO-C092RC, NUCLEO-H503RB, NUCLEO-H533RE, NUCLEO-H563ZI, NUCLEO-H7S3L8, NUCLEO-N657X0-Q, NUCLEO-U031R8, NUCLEO-U083RC, NUCLEO-U385RG-Q, NUCLEO-U545RE-Q, NUCLEO-U5A5ZJ-Q, NUCLEO-WB05KZ, NUCLEO-WB07CC, NUCLEO-WB09KE, NUCLEO-WBA52CG, NUCLEO-WBA55CG, NUCLEO-WBA65RI, NUCLEO-WL33CC1, NUCLEO-WL33CC2, STEVAL-PROTEUS1, STEVAL-SMARTAG2, STEVAL-STWINBX1, STM320518-EVAL, STM32C0116-DK, STM32C011D6Y3TR, STM32C011D6Y6TR, STM32C011F4P3, STM32C011F4P6, STM32C011F4U3, STM32C011F4U6TR, STM32C011F6P3, STM32C011F6P6, STM32C011F6U3, STM32C011F6U6TR, STM32C011J4M3, STM32C011J4M6, STM32C011J6M3, STM32C011J6M6, STM32C0316-DK, STM32C031C4T3, STM32C031C4T6, STM32C031C4U3, STM32C031C4U6, STM32C031C6T3, STM32C031C6T6, STM32C031C6U3, STM32C031C6U6, STM32C031F4P3, STM32C031F4P6, STM32C031F6P3, STM32C031F6P6, STM32C031G4U3, STM32C031G4U6, STM32C031G6U3, STM32C031G6U6, STM32C031K4T3, STM32C031K4T6, STM32C031K4U3, STM32C031K4U6, STM32C031K6T3, STM32C031K6T6, STM32C031K6U3, STM32C031K6U6, STM32C051C6T6, STM32C051C6U6, STM32C051C8T6, STM32C051C8U6, STM32C051D8Y6TR, STM32C051F6P6, STM32C051F8P6, STM32C051G6U6, STM32C051G8U6, STM32C051K6T6, STM32C051K6U6, STM32C051K8T6, STM32C071C8T6, STM32C071C8T6N, STM32C071C8U6, STM32C071C8U6N, STM32C071CBT6, STM32C071CBT6N, STM32C071CBU6, STM32C071CBU6N, STM32C071F8P6, STM32C071F8P6N, STM32C071FBP6, STM32C071FBP6N, STM32C071FBY6TR, STM32C071G8U6, STM32C071G8U6N, STM32C071GBU6, STM32C071GBU6N, STM32C071K8T6, STM32C071K8T6N, STM32C071K8U6, STM32C071K8U6N, STM32C071KBT6, STM32C071KBT6N, STM32C071KBU6, STM32C071KBU6N, STM32C071R8T6, STM32C071R8T6N, STM32C071RBI6N, STM32C071RBT6, STM32C071RBT6N, STM32C091CBT6, STM32C091CBU6, STM32C091CCT6, STM32C091CCU6, STM32C091ECY6TR, STM32C091FBP6, STM32C091FCP6, STM32C091GBU6, STM32C091GCU6, STM32C091KBT6, STM32C091KBU6, STM32C091KCT6, STM32C091KCU6, STM32C091RBT6, STM32C091RCI6, STM32C091RCT6, STM32C092CBT6, STM32C092CBU6, STM32C092CCT6, STM32C092CCU6, STM32C092ECY6TR, STM32C092FBP6, STM32C092FCP6, STM32C092GBU6, STM32C092GCU6, STM32C092KBT6, STM32C092KBU6, STM32C092KCT6, STM32C092KCU6, STM32C092RBT6, STM32C092RCI6, STM32C092RCT6, STM32G071K8TXN, STM32G071K8UXN, STM32G081GBU6N, STM32G081KBT6N, STM32G081KBUXN, STM32G0B1CCT6N, STM32G0B1KCT6, STM32G0B1NEY6TR, STM32G0B1RCT6N, STM32G0C1CCT6, STM32G0C1CCT6N, STM32G0C1CCU6N, STM32G0C1CET6N, STM32G0C1CEU6N, STM32G0C1KCT6, STM32G0C1NEY6TR, STM32G0C1RCI6N, STM32G0C1RCT6N, STM32G0C1REI6N, STM32G0C1RET6N, STM32G0C1VCI6, STM32G0C1VEI6, STM32G411C6T3, STM32G411C6T6, STM32G411C6U3, STM32G411C6U6, STM32G411C8T3, STM32G411C8T6, STM32G411C8U3, STM32G411C8U6, STM32G411CBT3, STM32G411CBT6, STM32G411CBU3, STM32G411CBU6, STM32G411CCT3, STM32G411CCT6, STM32G411CCU3, STM32G411CCU6, STM32G411K6T3, STM32G411K6T6, STM32G411K6U3, STM32G411K6U6, STM32G411K8T3, STM32G411K8T6, STM32G411K8U3, STM32G411K8U6, STM32G411KBT3, STM32G411KBT6, STM32G411KBU3, STM32G411KBU6, STM32G411M6T3, STM32G411M6T6, STM32G411M8T3, STM32G411M8T6, STM32G411MBT3, STM32G411MBT6, STM32G411MCT3, STM32G411MCT6, STM32G411R6T3, STM32G411R6T6, STM32G411R8T3, STM32G411R8T6, STM32G411RBT3, STM32G411RBT6, STM32G411RCT3, STM32G411RCT6, STM32G414CBT3, STM32G414CBT6, STM32G414CBU3, STM32G414CBU6, STM32G414CCT3, STM32G414CCT6, STM32G414CCU3, STM32G414CCU6, STM32G414MBT3, STM32G414MBT6, STM32G414MCT3, STM32G414MCT6, STM32G414RBT3, STM32G414RBT6, STM32G414RCT3, STM32G414RCT6, STM32G414VBT3, STM32G414VBT6, STM32G414VCT3, STM32G414VCT6, STM32G431CBT3Z, STM32G431RBT3Z, STM32G471CCT6, STM32G471CCU6, STM32G471CET3, STM32G471CET6, STM32G471CEU3, STM32G471CEU6, STM32G471MCT6, STM32G471MET3, STM32G471MET6, STM32G471MEY6TR, STM32G471QCT6, STM32G471QET3, STM32G471RCT6, STM32G471RET3, STM32G471RET6, STM32G471VCH6, STM32G471VCI6, STM32G471VCT6, STM32G471VEH3, STM32G471VEH6, STM32G471VEI3, STM32G471VEI6, STM32G471VET3, STM32G471VET6, STM32G473QET3Z, STM32G473RET3Z, STM32G474CCT6, STM32G491RET3Z, STM32H503CBT6, STM32H503CBU6, STM32H503EBY6TR, STM32H503KBU6, STM32H503RBT6, STM32H523CCT6, STM32H523CCU6, STM32H523CET6, STM32H523CEU6, STM32H523HEY6TR, STM32H523RCT6, STM32H523RET6, STM32H523VCI6, STM32H523VCT6, STM32H523VEI6, STM32H523VET6, STM32H523ZCJ6, STM32H523ZCT6, STM32H523ZEJ6, STM32H523ZET6, STM32H533CET6, STM32H533CEU6, STM32H533HEY6TR, STM32H533RET6, STM32H533VEI6, STM32H533VET6, STM32H533ZEJ6, STM32H533ZET6, STM32H562AGI6, STM32H562AII6, STM32H562IGK6, STM32H562IGT6, STM32H562IIK6, STM32H562IIT6, STM32H562RGT6, STM32H562RGV6, STM32H562RIT6, STM32H562RIV6, STM32H562VGT6, STM32H562VIT6, STM32H562ZGT6, STM32H562ZIT6, STM32H563AGI6, STM32H563AII3Q, STM32H563AII6, STM32H563IGK6, STM32H563IGT6, STM32H563IIK3Q, STM32H563IIK6, STM32H563IIT3Q, STM32H563IIT6, STM32H563MIY3QTR, STM32H563RGT6, STM32H563RGV6, STM32H563RIT6, STM32H563RIV6, STM32H563VGT6, STM32H563VIT3Q, STM32H563VIT6, STM32H563ZGT6, STM32H563ZIT3Q, STM32H563ZIT6, STM32H573AII3Q, STM32H573AII6, STM32H573I-DK, STM32H573IIK3Q, STM32H573IIK6, STM32H573IIT3Q, STM32H573IIT6, STM32H573MIY3QTR, STM32H573RIT6, STM32H573RIV6, STM32H573VIT3Q, STM32H573VIT6, STM32H573ZIT3Q, STM32H573ZIT6, STM32H7R3A8I6, STM32H7R3I8K6, STM32H7R3I8T6, STM32H7R3L8H6, STM32H7R3L8H6H, STM32H7R3R8V6, STM32H7R3V8H6, STM32H7R3V8T6, STM32H7R3V8Y6TR, STM32H7R3Z8J6, STM32H7R3Z8T6, STM32H7R7A8I6, STM32H7R7I8K6, STM32H7R7I8T6, STM32H7R7L8H6, STM32H7R7L8H6H, STM32H7R7Z8J6, STM32H7S3A8I6, STM32H7S3I8K6, STM32H7S3I8T6, STM32H7S3L8H6, STM32H7S3L8H6H, STM32H7S3R8V6, STM32H7S3V8H6, STM32H7S3V8T6, STM32H7S3V8Y6TR, STM32H7S3Z8J6, STM32H7S3Z8T6, STM32H7S78-DK, STM32H7S7A8I6, STM32H7S7I8K6, STM32H7S7I8T6, STM32H7S7L8H6, STM32H7S7L8H6H, STM32H7S7Z8J6, STM32L4R5QGI6STR, STM32MP131AAE3, STM32MP131AAF3, STM32MP131AAG3, STM32MP131CAE3, STM32MP131CAF3, STM32MP131CAG3, STM32MP131DAE7, STM32MP131DAF7, STM32MP131DAG7, STM32MP131FAE7, STM32MP131FAF7, STM32MP131FAG7, STM32MP133AAE3, STM32MP133AAF3, STM32MP133AAG3, STM32MP133CAE3, STM32MP133CAF3, STM32MP133CAG3, STM32MP133DAE7, STM32MP133DAF7, STM32MP133DAG7, STM32MP133FAE7, STM32MP133FAF7, STM32MP133FAG7, STM32MP135AAE3, STM32MP135AAF3, STM32MP135AAG3, STM32MP135CAE3, STM32MP135CAF3, STM32MP135CAG3, STM32MP135DAE7, STM32MP135DAF7, STM32MP135DAG7, STM32MP135F-DK, STM32MP135FAE7, STM32MP135FAF7, STM32MP135FAF7T, STM32MP135FAF7U, STM32MP135FAG7, STM32MP231AAJ3, STM32MP231AAK3, STM32MP231AAL3, STM32MP231CAJ3, STM32MP231CAK3, STM32MP231CAL3, STM32MP231DAJ3, STM32MP231DAK3, STM32MP231DAL3, STM32MP231FAJ3, STM32MP231FAK3, STM32MP231FAL3, STM32MP233AAJ3, STM32MP233AAK3, STM32MP233AAL3, STM32MP233CAJ3, STM32MP233CAK3, STM32MP233CAL3, STM32MP233DAJ3, STM32MP233DAK3, STM32MP233DAL3, STM32MP233FAJ3, STM32MP233FAK3, STM32MP233FAL3, STM32MP235AAJ3, STM32MP235AAK3, STM32MP235AAL3, STM32MP235CAJ3, STM32MP235CAK3, STM32MP235CAL3, STM32MP235DAJ3, STM32MP235DAK3, STM32MP235DAL3, STM32MP235FAJ3, STM32MP235FAK3, STM32MP235FAL3, STM32MP251AAI3, STM32MP251AAJ3, STM32MP251AAK3, STM32MP251AAL3, STM32MP251CAI3, STM32MP251CAJ3, STM32MP251CAK3, STM32MP251CAL3, STM32MP251DAI3, STM32MP251DAJ3, STM32MP251DAK3, STM32MP251DAL3, STM32MP251FAI3, STM32MP251FAJ3, STM32MP251FAK3, STM32MP251FAL3, STM32MP253AAI3, STM32MP253AAJ3, STM32MP253AAK3, STM32MP253AAL3, STM32MP253CAI3, STM32MP253CAJ3, STM32MP253CAK3, STM32MP253CAL3, STM32MP253DAI3, STM32MP253DAJ3, STM32MP253DAK3, STM32MP253DAL3, STM32MP253FAI3, STM32MP253FAJ3, STM32MP253FAK3, STM32MP253FAL3, STM32MP255AAI3, STM32MP255AAJ3, STM32MP255AAK3, STM32MP255AAL3, STM32MP255CAI3, STM32MP255CAJ3, STM32MP255CAK3, STM32MP255CAL3, STM32MP255DAI3, STM32MP255DAJ3, STM32MP255DAK3, STM32MP255DAL3, STM32MP255FAI3, STM32MP255FAJ3, STM32MP255FAK3, STM32MP255FAL3, STM32MP257AAI3, STM32MP257AAJ3, STM32MP257AAK3, STM32MP257AAL3, STM32MP257CAI3, STM32MP257CAJ3, STM32MP257CAK3, STM32MP257CAL3, STM32MP257DAI3, STM32MP257DAJ3, STM32MP257DAK3, STM32MP257DAL3, STM32MP257F-DK, STM32MP257F-EV1, STM32MP257FAI3, STM32MP257FAJ3, STM32MP257FAK3, STM32MP257FAL3, STM32N645A0H3Q, STM32N645B0H3Q, STM32N645I0H3Q, STM32N645L0H3Q, STM32N645X0H3Q, STM32N645Z0H3Q, STM32N647A0H3Q, STM32N647B0H3Q, STM32N647I0H3Q, STM32N647L0H3Q, STM32N647X0H3Q, STM32N647Z0H3Q, STM32N655A0H3Q, STM32N655B0H3Q, STM32N655I0H3Q, STM32N655L0H3Q, STM32N655X0H3Q, STM32N655Z0H3Q, STM32N6570-DK, STM32N657A0H3Q, STM32N657B0H3Q, STM32N657I0H3Q, STM32N657L0H3Q, STM32N657X0H3Q, STM32N657Z0H3Q, STM32U031C6T6, STM32U031C6U6, STM32U031C8T6, STM32U031C8U6, STM32U031F4P6, STM32U031F6P6, STM32U031F8P6, STM32U031G6Y6TR, STM32U031G8Y6TR, STM32U031K4U6, STM32U031K6U6, STM32U031K8U6, STM32U031R6I6, STM32U031R6T6, STM32U031R8I6, STM32U031R8T6, STM32U073C8T6, STM32U073C8U6, STM32U073CBT6, STM32U073CBU6, STM32U073CCT6, STM32U073CCU6, STM32U073H8Y6TR, STM32U073HBY6TR, STM32U073HCY6TR, STM32U073K8U6, STM32U073KBU6, STM32U073KCU6, STM32U073M8I6, STM32U073M8T6, STM32U073MBI6, STM32U073MBT6, STM32U073MCI6, STM32U073MCT6, STM32U073R8I6, STM32U073R8T6, STM32U073RBI6, STM32U073RBT6, STM32U073RCI6, STM32U073RCT6, STM32U083C-DK, STM32U083CCT6, STM32U083CCU6, STM32U083HCY6TR, STM32U083KCU6, STM32U083MCI6, STM32U083MCT6, STM32U083RCI6, STM32U083RCT6, STM32U375CET6, STM32U375CET6Q, STM32U375CEU6, STM32U375CEU6Q, STM32U375CEY6QTR, STM32U375CGT6, STM32U375CGT6Q, STM32U375CGU6, STM32U375CGU6Q, STM32U375CGY6QTR, STM32U375KEU6, STM32U375KGU6, STM32U375REI6, STM32U375REI6Q, STM32U375RET6, STM32U375RET6Q, STM32U375REY6GTR, STM32U375REY6QTR, STM32U375RGI6, STM32U375RGI6Q, STM32U375RGT6, STM32U375RGT6Q, STM32U375RGY6GTR, STM32U375RGY6QTR, STM32U375VEI6, STM32U375VEI6Q, STM32U375VET6, STM32U375VET6Q, STM32U375VGI6, STM32U375VGI6Q, STM32U375VGT6, STM32U375VGT6Q, STM32U385CGT6, STM32U385CGT6Q, STM32U385CGU6, STM32U385CGU6Q, STM32U385CGY6QTR, STM32U385KGU6, STM32U385RGI6, STM32U385RGI6Q, STM32U385RGT6, STM32U385RGT6Q, STM32U385RGY6GTR, STM32U385RGY6QTR, STM32U385VGI6, STM32U385VGI6Q, STM32U385VGT6, STM32U385VGT6Q, STM32U535CBT6, STM32U535CBT6Q, STM32U535CBU6, STM32U535CBU6Q, STM32U535CCT6, STM32U535CCT6Q, STM32U535CCU6, STM32U535CCU6Q, STM32U535CET6, STM32U535CET6Q, STM32U535CEU6, STM32U535CEU6Q, STM32U535JEY6QTR, STM32U535NCY6QTR, STM32U535NEY6QTR, STM32U535RBI6, STM32U535RBI6Q, STM32U535RBT6, STM32U535RBT6Q, STM32U535RCI6, STM32U535RCI6Q, STM32U535RCT6, STM32U535RCT6Q, STM32U535REI6, STM32U535REI6Q, STM32U535RET6, STM32U535RET6Q, STM32U535VCI6, STM32U535VCI6Q, STM32U535VCT6, STM32U535VCT6Q, STM32U535VEI6, STM32U535VEI6Q, STM32U535VET6, STM32U535VET6Q, STM32U545CET6, STM32U545CET6Q, STM32U545CEU6, STM32U545CEU6Q, STM32U545JEY6QTR, STM32U545NEY6QTR, STM32U545REI6, STM32U545REI6Q, STM32U545RET6, STM32U545RET6Q, STM32U545VEI6, STM32U545VEI6Q, STM32U545VET6, STM32U545VET6Q, STM32U595AIH6, STM32U595AIH6Q, STM32U595AJH6, STM32U595AJH6Q, STM32U595QII6, STM32U595QII6Q, STM32U595QJI6, STM32U595QJI6Q, STM32U595RIT6, STM32U595RIT6Q, STM32U595RJT6, STM32U595RJT6Q, STM32U595VIT6, STM32U595VIT6Q, STM32U595VJT6, STM32U595VJT6Q, STM32U595ZIT6, STM32U595ZIT6Q, STM32U595ZIY6QTR, STM32U595ZJT6, STM32U595ZJT6Q, STM32U595ZJY6QTR, STM32U599BJY6QTR, STM32U599NIH6Q, STM32U599NJH6Q, STM32U599VIT6Q, STM32U599VJT6, STM32U599VJT6Q, STM32U599ZIT6Q, STM32U599ZIY6QTR, STM32U599ZJT6Q, STM32U599ZJY6QTR, STM32U5A5AJH6, STM32U5A5AJH6Q, STM32U5A5QII3Q , STM32U5A5QJI6, STM32U5A5QJI6Q, STM32U5A5RJT6, STM32U5A5RJT6Q, STM32U5A5VJT6, STM32U5A5VJT6Q, STM32U5A5ZJT6, STM32U5A5ZJT6Q, STM32U5A5ZJY6QTR, STM32U5A9BJY6QTR, STM32U5A9J-DK, STM32U5A9NJH6Q, STM32U5A9VJT6Q, STM32U5A9ZJT6Q, STM32U5A9ZJY6QTR, STM32U5F7VIT6, STM32U5F7VIT6Q, STM32U5F7VJT6, STM32U5F7VJT6Q, STM32U5F9BJY6QTR, STM32U5F9NJH6Q, STM32U5F9VIT6Q, STM32U5F9VJT6Q, STM32U5F9ZIJ6QTR, STM32U5F9ZIT6Q, STM32U5F9ZJJ6QTR, STM32U5F9ZJT6Q, STM32U5G7VJT6, STM32U5G7VJT6Q, STM32U5G9BJY6QTR, STM32U5G9J-DK1, STM32U5G9J-DK2, STM32U5G9NJH6Q, STM32U5G9VJT6Q, STM32U5G9ZJJ6QTR, STM32U5G9ZJT6Q, STM32WB05KZV6TR, STM32WB05KZV7TR, STM32WB05TZF6TR, STM32WB05TZF7TR, STM32WB06CCF6TR, STM32WB06CCF7TR, STM32WB06CCV6TR, STM32WB06CCV7TR, STM32WB06KCV6TR, STM32WB06KCV7TR, STM32WB07CCF6TR, STM32WB07CCF7TR, STM32WB07CCV6TR, STM32WB07CCV7TR, STM32WB07KCV6TR, STM32WB07KCV7TR, STM32WB09KEV6TR, STM32WB09KEV7TR, STM32WB09TEF6TR, STM32WB09TEF7TR, STM32WB1MMCH6, STM32WBA50KGU6, STM32WBA50KGU6TR, STM32WBA52CEU6, STM32WBA52CEU6TR, STM32WBA52CEU7, STM32WBA52CEU7TR, STM32WBA52CGU6, STM32WBA52CGU6TR, STM32WBA52CGU6U, STM32WBA52CGU7, STM32WBA52CGU7TR, STM32WBA52KEU6, STM32WBA52KEU6TR, STM32WBA52KGU6, STM32WBA52KGU6TR, STM32WBA54CEU6, STM32WBA54CEU6TR, STM32WBA54CEU7, STM32WBA54CEU7TR, STM32WBA54CGU6, STM32WBA54CGU6TR, STM32WBA54CGU7, STM32WBA54CGU7TR, STM32WBA54KEU6, STM32WBA54KEU6TR, STM32WBA54KEU7, STM32WBA54KEU7TR, STM32WBA54KGU6, STM32WBA54KGU6TR, STM32WBA54KGU7, STM32WBA54KGU7TR, STM32WBA55CEU6, STM32WBA55CEU6TR, STM32WBA55CEU7, STM32WBA55CEU7TR, STM32WBA55CGU6, STM32WBA55CGU6TR, STM32WBA55CGU6U, STM32WBA55CGU7, STM32WBA55CGU7TR, STM32WBA55G-DK1, STM32WBA55HEF6, STM32WBA55HEF7, STM32WBA55HGF6, STM32WBA55HGF7, STM32WBA55UEI6, STM32WBA55UEI6TR, STM32WBA55UEI7, STM32WBA55UEI7TR, STM32WBA55UGI6, STM32WBA55UGI6TR, STM32WBA55UGI7, STM32WBA55UGI7TR, STM32WBA5MJGH6TR, STM32WBA62CGU6, STM32WBA62CIU6, STM32WBA62MGF6, STM32WBA62MIF6, STM32WBA62PGI6, STM32WBA62PII6, STM32WBA63CGU6, STM32WBA63CGU7, STM32WBA63CIU6, STM32WBA63CIU7, STM32WBA64CGU6, STM32WBA64CGU7, STM32WBA64CIU6, STM32WBA64CIU7, STM32WBA65CGU6, STM32WBA65CGU7, STM32WBA65CIU6, STM32WBA65CIU7, STM32WBA65I-DK1, STM32WBA65MGF6, STM32WBA65MGF7, STM32WBA65MIF6, STM32WBA65MIF7, STM32WBA65PGI6, STM32WBA65PGI7, STM32WBA65PII6, STM32WBA65PII7, STM32WBA65RGV6, STM32WBA65RGV7, STM32WBA65RIV6, STM32WBA65RIV7, STM32WL30K8V6, STM32WL30KBV6, STM32WL31C8V6, STM32WL31CBV6, STM32WL31K8V6, STM32WL31KBV6, STM32WL33C8V6, STM32WL33C8V6TR, STM32WL33C8V7, STM32WL33C8V7TR, STM32WL33CBV6, STM32WL33CBV6TR, STM32WL33CBV7, STM32WL33CBV7TR, STM32WL33CCV6, STM32WL33CCV6TR, STM32WL33CCV7, STM32WL33CCV7A, STM32WL33CCV7ATR, STM32WL33CCV7TR, STM32WL33K8V6, STM32WL33K8V6TR, STM32WL33K8V7, STM32WL33K8V7TR, STM32WL33KBV6, STM32WL33KBV6TR, STM32WL33KBV7, STM32WL33KBV7TR, STM32WL33KCV6, STM32WL33KCV6TR, STM32WL33KCV7, STM32WL33KCV7TR, STM32WL5MOCH6, STM32WL5MOCH6TR]
2025-05-19 21:40:08,106 [INFO] DbMcus:218 - Found 4686 MCUs, 4686 are supported
2025-05-19 21:40:08,107 [INFO] ApiDb:423 - Load user favorites file C:\Users\choua/.stm32cubeide/favorites.mcus.txt: 0 item(s)
2025-05-19 21:40:08,107 [INFO] ApiDb:427 - User favorites MCUs=[]
2025-05-19 21:40:08,107 [INFO] DbMcus:224 - Set 0 / 0 favorites MCUs
2025-05-19 21:40:08,474 [INFO] ApiDb:668 - CubeFinder database Data Model version=2.1
2025-05-19 21:40:08,474 [INFO] ApiDb:669 - CubeFinder database Configuration version=3.0.39
2025-05-19 21:40:08,474 [INFO] ApiDb:670 - CubeFinder database generation date=2025-04-23 (1745419778)
2025-05-19 21:40:08,475 [INFO] ApiDb:671 - CubeFinder database FW Pack versions=[FP-ATR-ASTRA1_V2.0.0, FP-SNS-FLIGHT1_V5.1.0, FP-SNS-MOTENV1_V5.0.0, FP-SNS-MOTENVWB1_V1.4.0, FP-SNS-SMARTAG2_V1.2.0, FP-SNS-STBOX1_V2.0.0, STM32Cube_FW_C0_V1.4.0, STM32Cube_FW_F4_V1.28.1, STM32Cube_FW_F7_V1.17.2, STM32Cube_FW_G0_V1.6.2, STM32Cube_FW_G4_V1.6.1, STM32Cube_FW_H5_V1.5.0, STM32Cube_FW_H7RS_V1.2.0, STM32Cube_FW_H7_V1.12.1, STM32Cube_FW_L0_V1.12.2, STM32Cube_FW_L4_V1.18.1, STM32Cube_FW_L5_V1.5.1, STM32Cube_FW_N6_V1.1.1, STM32Cube_FW_U0_V1.2.0, STM32Cube_FW_U3_V1.1.0, STM32Cube_FW_U5_V1.7.0, STM32Cube_FW_WB0_V1.2.0, STM32Cube_FW_WBA_V1.6.0, STM32Cube_FW_WB_V1.22.0, STM32Cube_FW_WL3_V1.1.0, STM32Cube_FW_WL_V1.3.1, X-CUBE-ALGOBUILD_V1.4.0, X-CUBE-ALS_V1.0.2, X-CUBE-AZRTOS-F4_V1.1.0, X-CUBE-AZRTOS-F7_V1.1.0, X-CUBE-AZRTOS-G0_V1.1.0, X-CUBE-AZRTOS-G4_V2.0.0, X-CUBE-AZRTOS-H7RS_V1.1.0, X-CUBE-AZRTOS-H7_V3.3.0, X-CUBE-AZRTOS-L4_V2.0.0, X-CUBE-AZRTOS-L5_V2.0.0, X-CUBE-AZRTOS-WB_V2.0.0, X-CUBE-AZRTOS-WL_V2.0.0, X-CUBE-BLE1_V7.1.0, X-CUBE-BLE2_V3.3.0, X-CUBE-BLEMGR_V4.0.0, X-CUBE-EEPRMA1_V5.1.0, X-CUBE-FREERTOS_V1.3.0, X-CUBE-GNSS1_V6.0.0, X-CUBE-MEMS1_V11.2.0, X-CUBE-NFC4_V3.0.0, X-CUBE-NFC7_V1.0.1, X-CUBE-SFXS2LP1_V4.0.0, X-CUBE-SUBG2_V5.0.0, X-CUBE-TOF1_V3.4.3]
2025-05-19 21:40:08,516 [INFO] DbBoardsSqlite:226 - include board P-NUCLEO-WB55-NUCLEO as a kit item of type 'Nucleo-64'
2025-05-19 21:40:08,517 [INFO] DbBoardsSqlite:226 - include board P-NUCLEO-WB55-USBDONGLE as a kit item of type 'Nucleo USB Dongle'
2025-05-19 21:40:08,517 [INFO] DbBoardsSqlite:226 - include board STEVAL-IDP005V1 as a kit item of type 'Evaluation Board'
2025-05-19 21:40:08,517 [INFO] DbBoardsSqlite:226 - include board STEVAL-IDP005V2 as a kit item of type 'Evaluation Board'
2025-05-19 21:40:08,567 [INFO] ApiDb:240 - Found 895 in-development CPN: [B-G473E-ZEST1S, B-WB1M-WPAN1, B-WBA5M-WPAN, B-WL5M-SUBG1, NUCLEO-C031C6, NUCLEO-C051C8, NUCLEO-C071RB, NUCLEO-C092RC, NUCLEO-H503RB, NUCLEO-H533RE, NUCLEO-H563ZI, NUCLEO-H7S3L8, NUCLEO-N657X0-Q, NUCLEO-U031R8, NUCLEO-U083RC, NUCLEO-U385RG-Q, NUCLEO-U545RE-Q, NUCLEO-U5A5ZJ-Q, NUCLEO-WB05KZ, NUCLEO-WB07CC, NUCLEO-WB09KE, NUCLEO-WBA52CG, NUCLEO-WBA55CG, NUCLEO-WBA65RI, NUCLEO-WL33CC1, NUCLEO-WL33CC2, STEVAL-PROTEUS1, STEVAL-SMARTAG2, STEVAL-STWINBX1, STM320518-EVAL, STM32C0116-DK, STM32C011D6Y3TR, STM32C011D6Y6TR, STM32C011F4P3, STM32C011F4P6, STM32C011F4U3, STM32C011F4U6TR, STM32C011F6P3, STM32C011F6P6, STM32C011F6U3, STM32C011F6U6TR, STM32C011J4M3, STM32C011J4M6, STM32C011J6M3, STM32C011J6M6, STM32C0316-DK, STM32C031C4T3, STM32C031C4T6, STM32C031C4U3, STM32C031C4U6, STM32C031C6T3, STM32C031C6T6, STM32C031C6U3, STM32C031C6U6, STM32C031F4P3, STM32C031F4P6, STM32C031F6P3, STM32C031F6P6, STM32C031G4U3, STM32C031G4U6, STM32C031G6U3, STM32C031G6U6, STM32C031K4T3, STM32C031K4T6, STM32C031K4U3, STM32C031K4U6, STM32C031K6T3, STM32C031K6T6, STM32C031K6U3, STM32C031K6U6, STM32C051C6T6, STM32C051C6U6, STM32C051C8T6, STM32C051C8U6, STM32C051D8Y6TR, STM32C051F6P6, STM32C051F8P6, STM32C051G6U6, STM32C051G8U6, STM32C051K6T6, STM32C051K6U6, STM32C051K8T6, STM32C071C8T6, STM32C071C8T6N, STM32C071C8U6, STM32C071C8U6N, STM32C071CBT6, STM32C071CBT6N, STM32C071CBU6, STM32C071CBU6N, STM32C071F8P6, STM32C071F8P6N, STM32C071FBP6, STM32C071FBP6N, STM32C071FBY6TR, STM32C071G8U6, STM32C071G8U6N, STM32C071GBU6, STM32C071GBU6N, STM32C071K8T6, STM32C071K8T6N, STM32C071K8U6, STM32C071K8U6N, STM32C071KBT6, STM32C071KBT6N, STM32C071KBU6, STM32C071KBU6N, STM32C071R8T6, STM32C071R8T6N, STM32C071RBI6N, STM32C071RBT6, STM32C071RBT6N, STM32C091CBT6, STM32C091CBU6, STM32C091CCT6, STM32C091CCU6, STM32C091ECY6TR, STM32C091FBP6, STM32C091FCP6, STM32C091GBU6, STM32C091GCU6, STM32C091KBT6, STM32C091KBU6, STM32C091KCT6, STM32C091KCU6, STM32C091RBT6, STM32C091RCI6, STM32C091RCT6, STM32C092CBT6, STM32C092CBU6, STM32C092CCT6, STM32C092CCU6, STM32C092ECY6TR, STM32C092FBP6, STM32C092FCP6, STM32C092GBU6, STM32C092GCU6, STM32C092KBT6, STM32C092KBU6, STM32C092KCT6, STM32C092KCU6, STM32C092RBT6, STM32C092RCI6, STM32C092RCT6, STM32G071K8TXN, STM32G071K8UXN, STM32G081GBU6N, STM32G081KBT6N, STM32G081KBUXN, STM32G0B1CCT6N, STM32G0B1KCT6, STM32G0B1NEY6TR, STM32G0B1RCT6N, STM32G0C1CCT6, STM32G0C1CCT6N, STM32G0C1CCU6N, STM32G0C1CET6N, STM32G0C1CEU6N, STM32G0C1KCT6, STM32G0C1NEY6TR, STM32G0C1RCI6N, STM32G0C1RCT6N, STM32G0C1REI6N, STM32G0C1RET6N, STM32G0C1VCI6, STM32G0C1VEI6, STM32G411C6T3, STM32G411C6T6, STM32G411C6U3, STM32G411C6U6, STM32G411C8T3, STM32G411C8T6, STM32G411C8U3, STM32G411C8U6, STM32G411CBT3, STM32G411CBT6, STM32G411CBU3, STM32G411CBU6, STM32G411CCT3, STM32G411CCT6, STM32G411CCU3, STM32G411CCU6, STM32G411K6T3, STM32G411K6T6, STM32G411K6U3, STM32G411K6U6, STM32G411K8T3, STM32G411K8T6, STM32G411K8U3, STM32G411K8U6, STM32G411KBT3, STM32G411KBT6, STM32G411KBU3, STM32G411KBU6, STM32G411M6T3, STM32G411M6T6, STM32G411M8T3, STM32G411M8T6, STM32G411MBT3, STM32G411MBT6, STM32G411MCT3, STM32G411MCT6, STM32G411R6T3, STM32G411R6T6, STM32G411R8T3, STM32G411R8T6, STM32G411RBT3, STM32G411RBT6, STM32G411RCT3, STM32G411RCT6, STM32G414CBT3, STM32G414CBT6, STM32G414CBU3, STM32G414CBU6, STM32G414CCT3, STM32G414CCT6, STM32G414CCU3, STM32G414CCU6, STM32G414MBT3, STM32G414MBT6, STM32G414MCT3, STM32G414MCT6, STM32G414RBT3, STM32G414RBT6, STM32G414RCT3, STM32G414RCT6, STM32G414VBT3, STM32G414VBT6, STM32G414VCT3, STM32G414VCT6, STM32G431CBT3Z, STM32G431RBT3Z, STM32G471CCT6, STM32G471CCU6, STM32G471CET3, STM32G471CET6, STM32G471CEU3, STM32G471CEU6, STM32G471MCT6, STM32G471MET3, STM32G471MET6, STM32G471MEY6TR, STM32G471QCT6, STM32G471QET3, STM32G471RCT6, STM32G471RET3, STM32G471RET6, STM32G471VCH6, STM32G471VCI6, STM32G471VCT6, STM32G471VEH3, STM32G471VEH6, STM32G471VEI3, STM32G471VEI6, STM32G471VET3, STM32G471VET6, STM32G473QET3Z, STM32G473RET3Z, STM32G474CCT6, STM32G491RET3Z, STM32H503CBT6, STM32H503CBU6, STM32H503EBY6TR, STM32H503KBU6, STM32H503RBT6, STM32H523CCT6, STM32H523CCU6, STM32H523CET6, STM32H523CEU6, STM32H523HEY6TR, STM32H523RCT6, STM32H523RET6, STM32H523VCI6, STM32H523VCT6, STM32H523VEI6, STM32H523VET6, STM32H523ZCJ6, STM32H523ZCT6, STM32H523ZEJ6, STM32H523ZET6, STM32H533CET6, STM32H533CEU6, STM32H533HEY6TR, STM32H533RET6, STM32H533VEI6, STM32H533VET6, STM32H533ZEJ6, STM32H533ZET6, STM32H562AGI6, STM32H562AII6, STM32H562IGK6, STM32H562IGT6, STM32H562IIK6, STM32H562IIT6, STM32H562RGT6, STM32H562RGV6, STM32H562RIT6, STM32H562RIV6, STM32H562VGT6, STM32H562VIT6, STM32H562ZGT6, STM32H562ZIT6, STM32H563AGI6, STM32H563AII3Q, STM32H563AII6, STM32H563IGK6, STM32H563IGT6, STM32H563IIK3Q, STM32H563IIK6, STM32H563IIT3Q, STM32H563IIT6, STM32H563MIY3QTR, STM32H563RGT6, STM32H563RGV6, STM32H563RIT6, STM32H563RIV6, STM32H563VGT6, STM32H563VIT3Q, STM32H563VIT6, STM32H563ZGT6, STM32H563ZIT3Q, STM32H563ZIT6, STM32H573AII3Q, STM32H573AII6, STM32H573I-DK, STM32H573IIK3Q, STM32H573IIK6, STM32H573IIT3Q, STM32H573IIT6, STM32H573MIY3QTR, STM32H573RIT6, STM32H573RIV6, STM32H573VIT3Q, STM32H573VIT6, STM32H573ZIT3Q, STM32H573ZIT6, STM32H7R3A8I6, STM32H7R3I8K6, STM32H7R3I8T6, STM32H7R3L8H6, STM32H7R3L8H6H, STM32H7R3R8V6, STM32H7R3V8H6, STM32H7R3V8T6, STM32H7R3V8Y6TR, STM32H7R3Z8J6, STM32H7R3Z8T6, STM32H7R7A8I6, STM32H7R7I8K6, STM32H7R7I8T6, STM32H7R7L8H6, STM32H7R7L8H6H, STM32H7R7Z8J6, STM32H7S3A8I6, STM32H7S3I8K6, STM32H7S3I8T6, STM32H7S3L8H6, STM32H7S3L8H6H, STM32H7S3R8V6, STM32H7S3V8H6, STM32H7S3V8T6, STM32H7S3V8Y6TR, STM32H7S3Z8J6, STM32H7S3Z8T6, STM32H7S78-DK, STM32H7S7A8I6, STM32H7S7I8K6, STM32H7S7I8T6, STM32H7S7L8H6, STM32H7S7L8H6H, STM32H7S7Z8J6, STM32L4R5QGI6STR, STM32MP131AAE3, STM32MP131AAF3, STM32MP131AAG3, STM32MP131CAE3, STM32MP131CAF3, STM32MP131CAG3, STM32MP131DAE7, STM32MP131DAF7, STM32MP131DAG7, STM32MP131FAE7, STM32MP131FAF7, STM32MP131FAG7, STM32MP133AAE3, STM32MP133AAF3, STM32MP133AAG3, STM32MP133CAE3, STM32MP133CAF3, STM32MP133CAG3, STM32MP133DAE7, STM32MP133DAF7, STM32MP133DAG7, STM32MP133FAE7, STM32MP133FAF7, STM32MP133FAG7, STM32MP135AAE3, STM32MP135AAF3, STM32MP135AAG3, STM32MP135CAE3, STM32MP135CAF3, STM32MP135CAG3, STM32MP135DAE7, STM32MP135DAF7, STM32MP135DAG7, STM32MP135F-DK, STM32MP135FAE7, STM32MP135FAF7, STM32MP135FAF7T, STM32MP135FAF7U, STM32MP135FAG7, STM32MP231AAJ3, STM32MP231AAK3, STM32MP231AAL3, STM32MP231CAJ3, STM32MP231CAK3, STM32MP231CAL3, STM32MP231DAJ3, STM32MP231DAK3, STM32MP231DAL3, STM32MP231FAJ3, STM32MP231FAK3, STM32MP231FAL3, STM32MP233AAJ3, STM32MP233AAK3, STM32MP233AAL3, STM32MP233CAJ3, STM32MP233CAK3, STM32MP233CAL3, STM32MP233DAJ3, STM32MP233DAK3, STM32MP233DAL3, STM32MP233FAJ3, STM32MP233FAK3, STM32MP233FAL3, STM32MP235AAJ3, STM32MP235AAK3, STM32MP235AAL3, STM32MP235CAJ3, STM32MP235CAK3, STM32MP235CAL3, STM32MP235DAJ3, STM32MP235DAK3, STM32MP235DAL3, STM32MP235FAJ3, STM32MP235FAK3, STM32MP235FAL3, STM32MP251AAI3, STM32MP251AAJ3, STM32MP251AAK3, STM32MP251AAL3, STM32MP251CAI3, STM32MP251CAJ3, STM32MP251CAK3, STM32MP251CAL3, STM32MP251DAI3, STM32MP251DAJ3, STM32MP251DAK3, STM32MP251DAL3, STM32MP251FAI3, STM32MP251FAJ3, STM32MP251FAK3, STM32MP251FAL3, STM32MP253AAI3, STM32MP253AAJ3, STM32MP253AAK3, STM32MP253AAL3, STM32MP253CAI3, STM32MP253CAJ3, STM32MP253CAK3, STM32MP253CAL3, STM32MP253DAI3, STM32MP253DAJ3, STM32MP253DAK3, STM32MP253DAL3, STM32MP253FAI3, STM32MP253FAJ3, STM32MP253FAK3, STM32MP253FAL3, STM32MP255AAI3, STM32MP255AAJ3, STM32MP255AAK3, STM32MP255AAL3, STM32MP255CAI3, STM32MP255CAJ3, STM32MP255CAK3, STM32MP255CAL3, STM32MP255DAI3, STM32MP255DAJ3, STM32MP255DAK3, STM32MP255DAL3, STM32MP255FAI3, STM32MP255FAJ3, STM32MP255FAK3, STM32MP255FAL3, STM32MP257AAI3, STM32MP257AAJ3, STM32MP257AAK3, STM32MP257AAL3, STM32MP257CAI3, STM32MP257CAJ3, STM32MP257CAK3, STM32MP257CAL3, STM32MP257DAI3, STM32MP257DAJ3, STM32MP257DAK3, STM32MP257DAL3, STM32MP257F-DK, STM32MP257F-EV1, STM32MP257FAI3, STM32MP257FAJ3, STM32MP257FAK3, STM32MP257FAL3, STM32N645A0H3Q, STM32N645B0H3Q, STM32N645I0H3Q, STM32N645L0H3Q, STM32N645X0H3Q, STM32N645Z0H3Q, STM32N647A0H3Q, STM32N647B0H3Q, STM32N647I0H3Q, STM32N647L0H3Q, STM32N647X0H3Q, STM32N647Z0H3Q, STM32N655A0H3Q, STM32N655B0H3Q, STM32N655I0H3Q, STM32N655L0H3Q, STM32N655X0H3Q, STM32N655Z0H3Q, STM32N6570-DK, STM32N657A0H3Q, STM32N657B0H3Q, STM32N657I0H3Q, STM32N657L0H3Q, STM32N657X0H3Q, STM32N657Z0H3Q, STM32U031C6T6, STM32U031C6U6, STM32U031C8T6, STM32U031C8U6, STM32U031F4P6, STM32U031F6P6, STM32U031F8P6, STM32U031G6Y6TR, STM32U031G8Y6TR, STM32U031K4U6, STM32U031K6U6, STM32U031K8U6, STM32U031R6I6, STM32U031R6T6, STM32U031R8I6, STM32U031R8T6, STM32U073C8T6, STM32U073C8U6, STM32U073CBT6, STM32U073CBU6, STM32U073CCT6, STM32U073CCU6, STM32U073H8Y6TR, STM32U073HBY6TR, STM32U073HCY6TR, STM32U073K8U6, STM32U073KBU6, STM32U073KCU6, STM32U073M8I6, STM32U073M8T6, STM32U073MBI6, STM32U073MBT6, STM32U073MCI6, STM32U073MCT6, STM32U073R8I6, STM32U073R8T6, STM32U073RBI6, STM32U073RBT6, STM32U073RCI6, STM32U073RCT6, STM32U083C-DK, STM32U083CCT6, STM32U083CCU6, STM32U083HCY6TR, STM32U083KCU6, STM32U083MCI6, STM32U083MCT6, STM32U083RCI6, STM32U083RCT6, STM32U375CET6, STM32U375CET6Q, STM32U375CEU6, STM32U375CEU6Q, STM32U375CEY6QTR, STM32U375CGT6, STM32U375CGT6Q, STM32U375CGU6, STM32U375CGU6Q, STM32U375CGY6QTR, STM32U375KEU6, STM32U375KGU6, STM32U375REI6, STM32U375REI6Q, STM32U375RET6, STM32U375RET6Q, STM32U375REY6GTR, STM32U375REY6QTR, STM32U375RGI6, STM32U375RGI6Q, STM32U375RGT6, STM32U375RGT6Q, STM32U375RGY6GTR, STM32U375RGY6QTR, STM32U375VEI6, STM32U375VEI6Q, STM32U375VET6, STM32U375VET6Q, STM32U375VGI6, STM32U375VGI6Q, STM32U375VGT6, STM32U375VGT6Q, STM32U385CGT6, STM32U385CGT6Q, STM32U385CGU6, STM32U385CGU6Q, STM32U385CGY6QTR, STM32U385KGU6, STM32U385RGI6, STM32U385RGI6Q, STM32U385RGT6, STM32U385RGT6Q, STM32U385RGY6GTR, STM32U385RGY6QTR, STM32U385VGI6, STM32U385VGI6Q, STM32U385VGT6, STM32U385VGT6Q, STM32U535CBT6, STM32U535CBT6Q, STM32U535CBU6, STM32U535CBU6Q, STM32U535CCT6, STM32U535CCT6Q, STM32U535CCU6, STM32U535CCU6Q, STM32U535CET6, STM32U535CET6Q, STM32U535CEU6, STM32U535CEU6Q, STM32U535JEY6QTR, STM32U535NCY6QTR, STM32U535NEY6QTR, STM32U535RBI6, STM32U535RBI6Q, STM32U535RBT6, STM32U535RBT6Q, STM32U535RCI6, STM32U535RCI6Q, STM32U535RCT6, STM32U535RCT6Q, STM32U535REI6, STM32U535REI6Q, STM32U535RET6, STM32U535RET6Q, STM32U535VCI6, STM32U535VCI6Q, STM32U535VCT6, STM32U535VCT6Q, STM32U535VEI6, STM32U535VEI6Q, STM32U535VET6, STM32U535VET6Q, STM32U545CET6, STM32U545CET6Q, STM32U545CEU6, STM32U545CEU6Q, STM32U545JEY6QTR, STM32U545NEY6QTR, STM32U545REI6, STM32U545REI6Q, STM32U545RET6, STM32U545RET6Q, STM32U545VEI6, STM32U545VEI6Q, STM32U545VET6, STM32U545VET6Q, STM32U595AIH6, STM32U595AIH6Q, STM32U595AJH6, STM32U595AJH6Q, STM32U595QII6, STM32U595QII6Q, STM32U595QJI6, STM32U595QJI6Q, STM32U595RIT6, STM32U595RIT6Q, STM32U595RJT6, STM32U595RJT6Q, STM32U595VIT6, STM32U595VIT6Q, STM32U595VJT6, STM32U595VJT6Q, STM32U595ZIT6, STM32U595ZIT6Q, STM32U595ZIY6QTR, STM32U595ZJT6, STM32U595ZJT6Q, STM32U595ZJY6QTR, STM32U599BJY6QTR, STM32U599NIH6Q, STM32U599NJH6Q, STM32U599VIT6Q, STM32U599VJT6, STM32U599VJT6Q, STM32U599ZIT6Q, STM32U599ZIY6QTR, STM32U599ZJT6Q, STM32U599ZJY6QTR, STM32U5A5AJH6, STM32U5A5AJH6Q, STM32U5A5QII3Q , STM32U5A5QJI6, STM32U5A5QJI6Q, STM32U5A5RJT6, STM32U5A5RJT6Q, STM32U5A5VJT6, STM32U5A5VJT6Q, STM32U5A5ZJT6, STM32U5A5ZJT6Q, STM32U5A5ZJY6QTR, STM32U5A9BJY6QTR, STM32U5A9J-DK, STM32U5A9NJH6Q, STM32U5A9VJT6Q, STM32U5A9ZJT6Q, STM32U5A9ZJY6QTR, STM32U5F7VIT6, STM32U5F7VIT6Q, STM32U5F7VJT6, STM32U5F7VJT6Q, STM32U5F9BJY6QTR, STM32U5F9NJH6Q, STM32U5F9VIT6Q, STM32U5F9VJT6Q, STM32U5F9ZIJ6QTR, STM32U5F9ZIT6Q, STM32U5F9ZJJ6QTR, STM32U5F9ZJT6Q, STM32U5G7VJT6, STM32U5G7VJT6Q, STM32U5G9BJY6QTR, STM32U5G9J-DK1, STM32U5G9J-DK2, STM32U5G9NJH6Q, STM32U5G9VJT6Q, STM32U5G9ZJJ6QTR, STM32U5G9ZJT6Q, STM32WB05KZV6TR, STM32WB05KZV7TR, STM32WB05TZF6TR, STM32WB05TZF7TR, STM32WB06CCF6TR, STM32WB06CCF7TR, STM32WB06CCV6TR, STM32WB06CCV7TR, STM32WB06KCV6TR, STM32WB06KCV7TR, STM32WB07CCF6TR, STM32WB07CCF7TR, STM32WB07CCV6TR, STM32WB07CCV7TR, STM32WB07KCV6TR, STM32WB07KCV7TR, STM32WB09KEV6TR, STM32WB09KEV7TR, STM32WB09TEF6TR, STM32WB09TEF7TR, STM32WB1MMCH6, STM32WBA50KGU6, STM32WBA50KGU6TR, STM32WBA52CEU6, STM32WBA52CEU6TR, STM32WBA52CEU7, STM32WBA52CEU7TR, STM32WBA52CGU6, STM32WBA52CGU6TR, STM32WBA52CGU6U, STM32WBA52CGU7, STM32WBA52CGU7TR, STM32WBA52KEU6, STM32WBA52KEU6TR, STM32WBA52KGU6, STM32WBA52KGU6TR, STM32WBA54CEU6, STM32WBA54CEU6TR, STM32WBA54CEU7, STM32WBA54CEU7TR, STM32WBA54CGU6, STM32WBA54CGU6TR, STM32WBA54CGU7, STM32WBA54CGU7TR, STM32WBA54KEU6, STM32WBA54KEU6TR, STM32WBA54KEU7, STM32WBA54KEU7TR, STM32WBA54KGU6, STM32WBA54KGU6TR, STM32WBA54KGU7, STM32WBA54KGU7TR, STM32WBA55CEU6, STM32WBA55CEU6TR, STM32WBA55CEU7, STM32WBA55CEU7TR, STM32WBA55CGU6, STM32WBA55CGU6TR, STM32WBA55CGU6U, STM32WBA55CGU7, STM32WBA55CGU7TR, STM32WBA55G-DK1, STM32WBA55HEF6, STM32WBA55HEF7, STM32WBA55HGF6, STM32WBA55HGF7, STM32WBA55UEI6, STM32WBA55UEI6TR, STM32WBA55UEI7, STM32WBA55UEI7TR, STM32WBA55UGI6, STM32WBA55UGI6TR, STM32WBA55UGI7, STM32WBA55UGI7TR, STM32WBA5MJGH6TR, STM32WBA62CGU6, STM32WBA62CIU6, STM32WBA62MGF6, STM32WBA62MIF6, STM32WBA62PGI6, STM32WBA62PII6, STM32WBA63CGU6, STM32WBA63CGU7, STM32WBA63CIU6, STM32WBA63CIU7, STM32WBA64CGU6, STM32WBA64CGU7, STM32WBA64CIU6, STM32WBA64CIU7, STM32WBA65CGU6, STM32WBA65CGU7, STM32WBA65CIU6, STM32WBA65CIU7, STM32WBA65I-DK1, STM32WBA65MGF6, STM32WBA65MGF7, STM32WBA65MIF6, STM32WBA65MIF7, STM32WBA65PGI6, STM32WBA65PGI7, STM32WBA65PII6, STM32WBA65PII7, STM32WBA65RGV6, STM32WBA65RGV7, STM32WBA65RIV6, STM32WBA65RIV7, STM32WL30K8V6, STM32WL30KBV6, STM32WL31C8V6, STM32WL31CBV6, STM32WL31K8V6, STM32WL31KBV6, STM32WL33C8V6, STM32WL33C8V6TR, STM32WL33C8V7, STM32WL33C8V7TR, STM32WL33CBV6, STM32WL33CBV6TR, STM32WL33CBV7, STM32WL33CBV7TR, STM32WL33CCV6, STM32WL33CCV6TR, STM32WL33CCV7, STM32WL33CCV7A, STM32WL33CCV7ATR, STM32WL33CCV7TR, STM32WL33K8V6, STM32WL33K8V6TR, STM32WL33K8V7, STM32WL33K8V7TR, STM32WL33KBV6, STM32WL33KBV6TR, STM32WL33KBV7, STM32WL33KBV7TR, STM32WL33KCV6, STM32WL33KCV6TR, STM32WL33KCV7, STM32WL33KCV7TR, STM32WL5MOCH6, STM32WL5MOCH6TR]
2025-05-19 21:40:08,779 [INFO] BoardInfo:889 - No configuration file found for board P-NUCLEO-WB55
2025-05-19 21:40:08,780 [INFO] DbBoards:161 - Kit is not supported: P-NUCLEO-WB55
2025-05-19 21:40:08,787 [INFO] BoardInfo:889 - No configuration file found for board STEVAL-BFA001V1B
2025-05-19 21:40:08,788 [INFO] DbBoards:161 - Kit is not supported: STEVAL-BFA001V1B
2025-05-19 21:40:08,789 [INFO] BoardInfo:889 - No configuration file found for board STEVAL-BFA001V2B
2025-05-19 21:40:08,790 [INFO] DbBoards:161 - Kit is not supported: STEVAL-BFA001V2B
2025-05-19 21:40:08,972 [INFO] DbBoards:168 - Found 211 boards, 208 are supported
2025-05-19 21:40:08,973 [INFO] DbBoards:169 - Found 211 boards, 43 of them is supported for  Bsp
2025-05-19 21:40:08,975 [INFO] ApiDb:423 - Load user favorites file C:\Users\choua/.stm32cubeide/favorites.boards.txt: 3 item(s)
2025-05-19 21:40:08,976 [INFO] ApiDb:427 - User favorites Boards=[B-L475E-IOT01A2, NUCLEO-F429ZI, STM32F746G-DISCO]
2025-05-19 21:40:08,976 [INFO] DbBoards:198 - Set 3 / 3 favorites Boards
2025-05-19 21:40:08,978 [INFO] ApiDb:668 - CubeFinder database Data Model version=2.1
2025-05-19 21:40:08,978 [INFO] ApiDb:669 - CubeFinder database Configuration version=3.0.39
2025-05-19 21:40:08,978 [INFO] ApiDb:670 - CubeFinder database generation date=2025-04-23 (1745419778)
2025-05-19 21:40:08,978 [INFO] ApiDb:671 - CubeFinder database FW Pack versions=[FP-ATR-ASTRA1_V2.0.0, FP-SNS-FLIGHT1_V5.1.0, FP-SNS-MOTENV1_V5.0.0, FP-SNS-MOTENVWB1_V1.4.0, FP-SNS-SMARTAG2_V1.2.0, FP-SNS-STBOX1_V2.0.0, STM32Cube_FW_C0_V1.4.0, STM32Cube_FW_F4_V1.28.1, STM32Cube_FW_F7_V1.17.2, STM32Cube_FW_G0_V1.6.2, STM32Cube_FW_G4_V1.6.1, STM32Cube_FW_H5_V1.5.0, STM32Cube_FW_H7RS_V1.2.0, STM32Cube_FW_H7_V1.12.1, STM32Cube_FW_L0_V1.12.2, STM32Cube_FW_L4_V1.18.1, STM32Cube_FW_L5_V1.5.1, STM32Cube_FW_N6_V1.1.1, STM32Cube_FW_U0_V1.2.0, STM32Cube_FW_U3_V1.1.0, STM32Cube_FW_U5_V1.7.0, STM32Cube_FW_WB0_V1.2.0, STM32Cube_FW_WBA_V1.6.0, STM32Cube_FW_WB_V1.22.0, STM32Cube_FW_WL3_V1.1.0, STM32Cube_FW_WL_V1.3.1, X-CUBE-ALGOBUILD_V1.4.0, X-CUBE-ALS_V1.0.2, X-CUBE-AZRTOS-F4_V1.1.0, X-CUBE-AZRTOS-F7_V1.1.0, X-CUBE-AZRTOS-G0_V1.1.0, X-CUBE-AZRTOS-G4_V2.0.0, X-CUBE-AZRTOS-H7RS_V1.1.0, X-CUBE-AZRTOS-H7_V3.3.0, X-CUBE-AZRTOS-L4_V2.0.0, X-CUBE-AZRTOS-L5_V2.0.0, X-CUBE-AZRTOS-WB_V2.0.0, X-CUBE-AZRTOS-WL_V2.0.0, X-CUBE-BLE1_V7.1.0, X-CUBE-BLE2_V3.3.0, X-CUBE-BLEMGR_V4.0.0, X-CUBE-EEPRMA1_V5.1.0, X-CUBE-FREERTOS_V1.3.0, X-CUBE-GNSS1_V6.0.0, X-CUBE-MEMS1_V11.2.0, X-CUBE-NFC4_V3.0.0, X-CUBE-NFC7_V1.0.1, X-CUBE-SFXS2LP1_V4.0.0, X-CUBE-SUBG2_V5.0.0, X-CUBE-TOF1_V3.4.3]
2025-05-19 21:40:09,521 [ERROR] DbExamplesSqlite:437 - Missing JSON key: board_cpn
2025-05-19 21:40:09,521 [ERROR] DbExamplesSqlite:437 - Missing JSON key: board_cpn
2025-05-19 21:40:09,521 [ERROR] DbExamplesSqlite:437 - Missing JSON key: board_cpn
2025-05-19 21:40:09,521 [ERROR] DbExamplesSqlite:437 - Missing JSON key: board_cpn
2025-05-19 21:40:09,627 [ERROR] DbExamplesSqlite:437 - Missing JSON key: board_cpn
2025-05-19 21:40:09,628 [ERROR] DbExamplesSqlite:437 - Missing JSON key: board_cpn
2025-05-19 21:40:09,629 [ERROR] DbExamplesSqlite:437 - Missing JSON key: board_cpn
2025-05-19 21:40:09,629 [ERROR] DbExamplesSqlite:437 - Missing JSON key: board_cpn
2025-05-19 21:40:09,630 [ERROR] DbExamplesSqlite:437 - Missing JSON key: board_cpn
2025-05-19 21:40:09,630 [ERROR] DbExamplesSqlite:437 - Missing JSON key: board_cpn
2025-05-19 21:40:09,630 [ERROR] DbExamplesSqlite:437 - Missing JSON key: board_cpn
2025-05-19 21:40:09,630 [ERROR] DbExamplesSqlite:437 - Missing JSON key: board_cpn
2025-05-19 21:40:09,631 [ERROR] DbExamplesSqlite:437 - Missing JSON key: board_cpn
2025-05-19 21:40:09,778 [ERROR] DbExamplesSqlite:437 - Missing JSON key: board_cpn
2025-05-19 21:40:09,788 [INFO] DbExamplesSqlite:395 - Ignored 46 examples not supported by CubeIDE
2025-05-19 21:40:09,789 [INFO] DbExamplesSqlite:396 - Found 10821 examples active
2025-05-19 21:40:09,789 [INFO] DbExamplesSqlite:397 - Found 0 examples obsolete
2025-05-19 21:40:09,789 [INFO] DbExamplesSqlite:398 - Found 0 examples under development
2025-05-19 21:40:09,789 [INFO] DbExamplesSqlite:399 - Found 79 examples not building
2025-05-19 21:40:09,791 [INFO] DbExamples:125 - Found 10854 examples
2025-05-19 21:40:09,810 [ERROR] DbExamples:208 - Found 3 examples with invalid data (board or MCU)
2025-05-19 21:40:09,810 [INFO] DbExamples:222 - Found 134 boards with related examples
2025-05-19 21:40:09,812 [INFO] DbExamples:235 - Found 110 MCUs with related examples
2025-05-19 21:40:09,837 [INFO] ApiDb:423 - Load user favorites file C:\Users\choua/.stm32cubeide/favorites.examples.txt: 2 item(s)
2025-05-19 21:40:09,837 [INFO] ApiDb:427 - User favorites Examples=[STM32CUBEL4-SWX-26474, STM32CUBEL4-SWX-26482]
2025-05-19 21:40:09,838 [INFO] DbExamples:250 - Set 2 / 2 favorites Examples
2025-05-19 21:40:10,228 [INFO] McuFinderGlobals:76 - Set McuFinderConnectedMode to true
2025-05-19 21:40:10,237 [INFO] MultiScanPanel:200 - Auto-refresh data requested => check proxy status ongoing
2025-05-19 21:40:10,241 [INFO] FinderPluginLoader:95 - Searching for filters in installed packs
2025-05-19 21:40:11,717 [INFO] LoadUrlFilesThread:185 - End of LoadServerUrlFiles without Thread
2025-05-19 21:40:11,726 [INFO] DetailPanel:341 - Set advertising image to C:/Users/choua/STM32Cube/Repository/\en.summit-h1-25-promotion.jpg
2025-05-19 21:40:15,465 [INFO] MultiScanPanel:200 - Auto-refresh data requested => check proxy status ongoing
2025-05-19 21:40:15,630 [INFO] LoadUrlFilesThread:185 - End of LoadServerUrlFiles without Thread
2025-05-19 21:40:15,630 [INFO] DetailPanel:341 - Set advertising image to C:/Users/choua/STM32Cube/Repository/\en.summit-h1-25-promotion.jpg
2025-05-19 21:40:15,642 [INFO] DbBoards:642 - Loading board mini-images...
2025-05-19 21:40:15,728 [ERROR] DbBoards:659 - Image file not found for board B-WBA5M-WPAN: C:\Users\choua\.stmcufinder\plugins\mcufinder//mcu//boards_images/B-WBA5M-WPAN.jpg
2025-05-19 21:40:18,144 [INFO] DbBoards:665 - Loaded 210 board mini-images
2025-05-19 21:40:18,473 [INFO] MultiScanPanel:200 - Auto-refresh data requested => check proxy status ongoing
2025-05-19 21:40:18,546 [INFO] SoftwarePacks:127 - Download is needed for SW pack 'FP-ATR-ASTRA1_V2.0.0'
2025-05-19 21:40:18,591 [INFO] SoftwarePacks:127 - Download is needed for SW pack 'FP-SNS-FLIGHT1_V5.1.0'
2025-05-19 21:40:18,623 [INFO] SoftwarePacks:127 - Download is needed for SW pack 'FP-SNS-MOTENV1_V5.0.0'
2025-05-19 21:40:18,654 [INFO] SoftwarePacks:127 - Download is needed for SW pack 'FP-SNS-MOTENVWB1_V1.4.0'
2025-05-19 21:40:18,684 [INFO] SoftwarePacks:127 - Download is needed for SW pack 'FP-SNS-SMARTAG2_V1.2.0'
2025-05-19 21:40:18,708 [INFO] SoftwarePacks:127 - Download is needed for SW pack 'FP-SNS-STBOX1_V2.0.0'
2025-05-19 21:40:18,742 [INFO] SoftwarePacks:127 - Download is needed for SW pack 'STM32Cube_FW_C0_V1.4.0'
2025-05-19 21:40:18,767 [INFO] SoftwarePacks:131 - Found SW pack 'STM32Cube_FW_F4_V1.28.1' up-to-date on disk.
2025-05-19 21:40:18,791 [INFO] SoftwarePacks:131 - Found SW pack 'STM32Cube_FW_F7_V1.17.2' up-to-date on disk.
2025-05-19 21:40:18,811 [INFO] SoftwarePacks:127 - Download is needed for SW pack 'STM32Cube_FW_G0_V1.6.2'
2025-05-19 21:40:18,830 [INFO] SoftwarePacks:127 - Download is needed for SW pack 'STM32Cube_FW_G4_V1.6.1'
2025-05-19 21:40:18,849 [INFO] SoftwarePacks:127 - Download is needed for SW pack 'STM32Cube_FW_H5_V1.5.0'
2025-05-19 21:40:18,866 [INFO] SoftwarePacks:127 - Download is needed for SW pack 'STM32Cube_FW_H7RS_V1.2.0'
2025-05-19 21:40:18,885 [INFO] SoftwarePacks:127 - Download is needed for SW pack 'STM32Cube_FW_H7_V1.12.1'
2025-05-19 21:40:18,903 [INFO] SoftwarePacks:127 - Download is needed for SW pack 'STM32Cube_FW_L0_V1.12.2'
2025-05-19 21:40:18,920 [INFO] SoftwarePacks:131 - Found SW pack 'STM32Cube_FW_L4_V1.18.1' up-to-date on disk.
2025-05-19 21:40:18,937 [INFO] SoftwarePacks:127 - Download is needed for SW pack 'STM32Cube_FW_L5_V1.5.1'
2025-05-19 21:40:18,954 [INFO] SoftwarePacks:127 - Download is needed for SW pack 'STM32Cube_FW_N6_V1.1.1'
2025-05-19 21:40:18,971 [INFO] SoftwarePacks:127 - Download is needed for SW pack 'STM32Cube_FW_U0_V1.2.0'
2025-05-19 21:40:18,989 [INFO] SoftwarePacks:127 - Download is needed for SW pack 'STM32Cube_FW_U3_V1.1.0'
2025-05-19 21:40:19,006 [INFO] SoftwarePacks:127 - Download is needed for SW pack 'STM32Cube_FW_U5_V1.7.0'
2025-05-19 21:40:19,023 [INFO] SoftwarePacks:127 - Download is needed for SW pack 'STM32Cube_FW_WB0_V1.2.0'
2025-05-19 21:40:19,042 [INFO] SoftwarePacks:127 - Download is needed for SW pack 'STM32Cube_FW_WBA_V1.6.0'
2025-05-19 21:40:19,058 [INFO] SoftwarePacks:127 - Download is needed for SW pack 'STM32Cube_FW_WB_V1.22.0'
2025-05-19 21:40:19,074 [INFO] SoftwarePacks:127 - Download is needed for SW pack 'STM32Cube_FW_WL3_V1.1.0'
2025-05-19 21:40:19,092 [INFO] SoftwarePacks:127 - Download is needed for SW pack 'STM32Cube_FW_WL_V1.3.1'
2025-05-19 21:40:19,116 [INFO] SoftwarePacks:127 - Download is needed for SW pack 'X-CUBE-ALGOBUILD_V1.4.0'
2025-05-19 21:40:19,142 [INFO] SoftwarePacks:127 - Download is needed for SW pack 'X-CUBE-ALS_V1.0.2'
2025-05-19 21:40:19,162 [INFO] SoftwarePacks:127 - Download is needed for SW pack 'X-CUBE-AZRTOS-F4_V1.1.0'
2025-05-19 21:40:19,188 [INFO] SoftwarePacks:127 - Download is needed for SW pack 'X-CUBE-AZRTOS-F7_V1.1.0'
2025-05-19 21:40:19,214 [INFO] SoftwarePacks:127 - Download is needed for SW pack 'X-CUBE-AZRTOS-G0_V1.1.0'
2025-05-19 21:40:19,238 [INFO] SoftwarePacks:127 - Download is needed for SW pack 'X-CUBE-AZRTOS-G4_V2.0.0'
2025-05-19 21:40:19,263 [INFO] SoftwarePacks:127 - Download is needed for SW pack 'X-CUBE-AZRTOS-H7RS_V1.1.0'
2025-05-19 21:40:19,291 [INFO] SoftwarePacks:127 - Download is needed for SW pack 'X-CUBE-AZRTOS-H7_V3.3.0'
2025-05-19 21:40:19,313 [INFO] SoftwarePacks:127 - Download is needed for SW pack 'X-CUBE-AZRTOS-L4_V2.0.0'
2025-05-19 21:40:19,337 [INFO] SoftwarePacks:127 - Download is needed for SW pack 'X-CUBE-AZRTOS-L5_V2.0.0'
2025-05-19 21:40:19,363 [INFO] SoftwarePacks:127 - Download is needed for SW pack 'X-CUBE-AZRTOS-WB_V2.0.0'
2025-05-19 21:40:19,389 [INFO] SoftwarePacks:127 - Download is needed for SW pack 'X-CUBE-AZRTOS-WL_V2.0.0'
2025-05-19 21:40:19,408 [INFO] SoftwarePacks:131 - Found SW pack 'X-CUBE-BLE1_V7.1.0' up-to-date on disk.
2025-05-19 21:40:19,433 [INFO] SoftwarePacks:127 - Download is needed for SW pack 'X-CUBE-BLE2_V3.3.0'
2025-05-19 21:40:19,454 [INFO] SoftwarePacks:127 - Download is needed for SW pack 'X-CUBE-BLEMGR_V4.0.0'
2025-05-19 21:40:19,481 [INFO] SoftwarePacks:127 - Download is needed for SW pack 'X-CUBE-EEPRMA1_V5.1.0'
2025-05-19 21:40:19,505 [INFO] SoftwarePacks:127 - Download is needed for SW pack 'X-CUBE-FREERTOS_V1.3.0'
2025-05-19 21:40:19,521 [INFO] SoftwarePacks:127 - Download is needed for SW pack 'X-CUBE-GNSS1_V6.0.0'
2025-05-19 21:40:19,531 [INFO] SoftwarePacks:131 - Found SW pack 'X-CUBE-MEMS1_V11.2.0' up-to-date on disk.
2025-05-19 21:40:19,547 [INFO] SoftwarePacks:127 - Download is needed for SW pack 'X-CUBE-NFC4_V3.0.0'
2025-05-19 21:40:19,571 [INFO] SoftwarePacks:127 - Download is needed for SW pack 'X-CUBE-NFC7_V1.0.1'
2025-05-19 21:40:19,585 [INFO] SoftwarePacks:127 - Download is needed for SW pack 'X-CUBE-SFXS2LP1_V4.0.0'
2025-05-19 21:40:19,599 [INFO] SoftwarePacks:127 - Download is needed for SW pack 'X-CUBE-SUBG2_V5.0.0'
2025-05-19 21:40:19,618 [INFO] SoftwarePacks:127 - Download is needed for SW pack 'X-CUBE-TOF1_V3.4.3'
2025-05-19 21:40:21,292 [INFO] LoadUrlFilesThread:185 - End of LoadServerUrlFiles without Thread
2025-05-19 21:40:21,292 [INFO] DetailPanel:341 - Set advertising image to C:/Users/choua/STM32Cube/Repository/\en.summit-h1-25-promotion.jpg
2025-05-19 21:40:22,257 [ERROR] AppliInfo:139 - Unknown STM32CubeMX version: 6.12.1
2025-05-19 21:42:26,261 [INFO] SoftwarePacks:190 - Size of SW pack 'STM32Cube_FW_F7_V1.17.2' is: 1444.12 MB
2025-05-19 21:43:30,712 [INFO] ExampleResultTable:608 - Mark Example STM32CUBEF7-SWX-14484(BSP) as favorite
2025-05-19 21:43:32,585 [INFO] ExampleResultTable:608 - Mark Example STM32CUBEF7-SWX-14488(DMA2D_MemToMemWithBlending) as favorite
2025-05-19 21:43:33,781 [INFO] ExampleResultTable:608 - Mark Example STM32CUBEF7-SWX-14489(DMA2D_MemToMemWithPFC) as favorite
2025-05-19 21:43:37,253 [INFO] ExampleResultTable:608 - Mark Example STM32CUBEF7-SWX-14482(TouchGFX) as favorite
2025-05-19 21:43:58,582 [INFO] ExampleToolKit:674 - [info] 2025/05/19 21:43:58
2025-05-19 21:43:58,582 [INFO] ExampleToolKit:722 - [info] Start Project: BSP
2025-05-19 21:43:58,585 [WARN] ExampleToolKit:784 - [WARNING] IDE PROJECT 'STM32CubeIDE' NOT FOUND
2025-05-19 21:43:58,585 [INFO] ExampleToolKit:816 - [info] Project path: D:\113-2\embedded_system\term_pj\BSP
2025-05-19 21:43:58,672 [WARN] ExampleToolKit:2161 - [WARNING] IDE PROJECT 'STM32CubeIDE'NOT FOUND
2025-05-19 21:43:58,687 [INFO] ExampleToolKit:1069 - [info] SW Package located in: C:\Users\choua\STM32Cube\Repository\STM32Cube_FW_F7_V1.17.2
2025-05-19 21:43:58,687 [INFO] ExampleToolKit:1074 - [info] SW Package copy: LITE
2025-05-19 21:44:00,122 [WARN] ExampleToolKit:2883 - SW4STM32: Mismatch example name vs IDE example name
2025-05-19 21:44:00,123 [WARN] ExampleToolKit:2889 - SW4STM32: Rename IDE example name from: STM32746G_DISCOVERY to: BSP
2025-05-19 21:44:00,129 [INFO] ExampleToolKit:888 - [info] Project 'BSP' installed successfully
2025-05-19 21:44:00,130 [INFO] ExampleToolKit:914 - [info] 2025/05/19 21:44:00
2025-05-19 21:44:00,134 [INFO] ExampleToolKit:1033 - [info] Elapsed time: 0h 0m 1s 550ms
2025-05-19 21:44:00,852 [ERROR] LogOutputStream:75 - [STDERR_REDIRECT] Managed Build system manifest file error: Option fr.ac6.managedbuild.option.gnu.cross.prefix.59150691 uses a null category that is invalid in its context. The option was ignored.
2025-05-19 21:44:00,854 [ERROR] LogOutputStream:75 - [STDERR_REDIRECT] Managed Build system manifest file error: Option fr.ac6.managedbuild.option.gnu.cross.mcu.410721438 uses a null category that is invalid in its context. The option was ignored.
2025-05-19 21:44:00,855 [ERROR] LogOutputStream:75 - [STDERR_REDIRECT] Managed Build system manifest file error: Option fr.ac6.managedbuild.option.gnu.cross.board.28915520 uses a null category that is invalid in its context. The option was ignored.
2025-05-19 21:44:00,856 [ERROR] LogOutputStream:75 - [STDERR_REDIRECT] Managed Build system manifest file error: Option fr.ac6.managedbuild.option.gnu.cross.instructionSet.1133413138 uses a null category that is invalid in its context. The option was ignored.
2025-05-19 21:44:00,857 [ERROR] LogOutputStream:75 - [STDERR_REDIRECT] Managed Build system manifest file error: Option fr.ac6.managedbuild.option.gnu.cross.fpu.1696778110 uses a null category that is invalid in its context. The option was ignored.
2025-05-19 21:44:00,859 [ERROR] LogOutputStream:75 - [STDERR_REDIRECT] Managed Build system manifest file error: Option fr.ac6.managedbuild.option.gnu.cross.floatabi.1058846963 uses a null category that is invalid in its context. The option was ignored.
2025-05-19 21:44:01,142 [ERROR] LogOutputStream:75 - [STDERR_REDIRECT] SLF4J: Failed to load class "org.slf4j.impl.StaticLoggerBinder".
2025-05-19 21:44:01,143 [ERROR] LogOutputStream:75 - [STDERR_REDIRECT] SLF4J: Defaulting to no-operation (NOP) logger implementation
2025-05-19 21:44:01,145 [ERROR] LogOutputStream:75 - [STDERR_REDIRECT] SLF4J: See http://www.slf4j.org/codes.html#StaticLoggerBinder for further details.
2025-05-19 21:44:04,634 [INFO] McuFinderGlobals:76 - Set McuFinderConnectedMode to true
2025-05-19 21:44:04,642 [INFO] ApiDb:448 - Save user favorites file C:\Users\choua/.stm32cubeide/favorites.mcus.txt: 0 item(s)
2025-05-19 21:44:04,642 [INFO] ApiDb:452 - User favorites MCUs=[]
2025-05-19 21:44:04,644 [INFO] ApiDb:448 - Save user favorites file C:\Users\choua/.stm32cubeide/favorites.boards.txt: 3 item(s)
2025-05-19 21:44:04,644 [INFO] ApiDb:452 - User favorites Boards=[B-L475E-IOT01A2, NUCLEO-F429ZI, STM32F746G-DISCO]
2025-05-19 21:44:04,647 [INFO] ApiDb:448 - Save user favorites file C:\Users\choua/.stm32cubeide/favorites.examples.txt: 6 item(s)
2025-05-19 21:44:04,647 [INFO] ApiDb:452 - User favorites Examples=[STM32CUBEF7-SWX-14482, STM32CUBEF7-SWX-14484, STM32CUBEF7-SWX-14488, STM32CUBEF7-SWX-14489, STM32CUBEL4-SWX-26474, STM32CUBEL4-SWX-26482]
2025-05-19 22:02:16,875 [ERROR] LogOutputStream:75 - [STDERR_REDIRECT] 
2025-05-19 22:02:16,877 [ERROR] LogOutputStream:75 - [STDERR_REDIRECT] 
